D:\DEV\GIT\BUNDLER-SFM\VC++\DEBUG\BASEAPP.OBJ
D:\DEV\GIT\BUNDLER-SFM\VC++\DEBUG\BASEGEOMETRY.OBJ
D:\DEV\GIT\BUNDLER-SFM\VC++\DEBUG\BOUNDINGBOX.OBJ
D:\DEV\GIT\BUNDLER-SFM\VC++\DEBUG\BRUTEFORCESEARCH.OBJ
D:\DEV\GIT\BUNDLER-SFM\VC++\DEBUG\BUNDLE.OBJ
D:\DEV\GIT\BUNDLER-SFM\VC++\DEBUG\BUNDLE2PMVS.EXE
D:\DEV\GIT\BUNDLER-SFM\VC++\DEBUG\BUNDLE2PMVS.EXE.EMBED.MANIFEST
D:\DEV\GIT\BUNDLER-SFM\VC++\DEBUG\BUNDLE2PMVS.EXE.EMBED.MANIFEST.RES
D:\DEV\GIT\BUNDLER-SFM\VC++\DEBUG\BUNDLE2PMVS.EXE.INTERMEDIATE.MANIFEST
D:\DEV\GIT\BUNDLER-SFM\VC++\DEBUG\BUNDLE2PMVS.ILK
D:\DEV\GIT\BUNDLER-SFM\VC++\DEBUG\BUNDLE2PMVS.OBJ
D:\DEV\GIT\BUNDLER-SFM\VC++\DEBUG\BUNDLE2PMVS.PDB
D:\DEV\GIT\BUNDLER-SFM\VC++\DEBUG\BUNDLEADD.OBJ
D:\DEV\GIT\BUNDLER-SFM\VC++\DEBUG\BUNDLEFAST.OBJ
D:\DEV\GIT\BUNDLER-SFM\VC++\DEBUG\BUNDLEIO.OBJ
D:\DEV\GIT\BUNDLER-SFM\VC++\DEBUG\BUNDLER.EXE
D:\DEV\GIT\BUNDLER-SFM\VC++\DEBUG\BUNDLER.EXE.EMBED.MANIFEST
D:\DEV\GIT\BUNDLER-SFM\VC++\DEBUG\BUNDLER.EXE.EMBED.MANIFEST.RES
D:\DEV\GIT\BUNDLER-SFM\VC++\DEBUG\BUNDLER.EXE.INTERMEDIATE.MANIFEST
D:\DEV\GIT\BUNDLER-SFM\VC++\DEBUG\BUNDLER.ILK
D:\DEV\GIT\BUNDLER-SFM\VC++\DEBUG\BUNDLER.PDB
D:\DEV\GIT\BUNDLER-SFM\VC++\DEBUG\BUNDLERAPP.OBJ
D:\DEV\GIT\BUNDLER-SFM\VC++\DEBUG\BUNDLERGEOMETRY.OBJ
D:\DEV\GIT\BUNDLER-SFM\VC++\DEBUG\BUNDLETWO.OBJ
D:\DEV\GIT\BUNDLER-SFM\VC++\DEBUG\CAMERA.OBJ
D:\DEV\GIT\BUNDLER-SFM\VC++\DEBUG\COMPUTETRACKS.OBJ
D:\DEV\GIT\BUNDLER-SFM\VC++\DEBUG\DECOMPOSE.OBJ
D:\DEV\GIT\BUNDLER-SFM\VC++\DEBUG\DISTORTION.OBJ
D:\DEV\GIT\BUNDLER-SFM\VC++\DEBUG\EPIPOLAR.OBJ
D:\DEV\GIT\BUNDLER-SFM\VC++\DEBUG\GEOMETRY.OBJ
D:\DEV\GIT\BUNDLER-SFM\VC++\DEBUG\IMAGEDATA.OBJ
D:\DEV\GIT\BUNDLER-SFM\VC++\DEBUG\KEYMATCHFULL.EXE
D:\DEV\GIT\BUNDLER-SFM\VC++\DEBUG\KEYMATCHFULL.EXE.EMBED.MANIFEST
D:\DEV\GIT\BUNDLER-SFM\VC++\DEBUG\KEYMATCHFULL.EXE.EMBED.MANIFEST.RES
D:\DEV\GIT\BUNDLER-SFM\VC++\DEBUG\KEYMATCHFULL.EXE.INTERMEDIATE.MANIFEST
D:\DEV\GIT\BUNDLER-SFM\VC++\DEBUG\KEYMATCHFULL.ILK
D:\DEV\GIT\BUNDLER-SFM\VC++\DEBUG\KEYMATCHFULL.OBJ
D:\DEV\GIT\BUNDLER-SFM\VC++\DEBUG\KEYMATCHFULL.PDB
D:\DEV\GIT\BUNDLER-SFM\VC++\DEBUG\KEYS.OBJ
D:\DEV\GIT\BUNDLER-SFM\VC++\DEBUG\KEYS2A.OBJ
D:\DEV\GIT\BUNDLER-SFM\VC++\DEBUG\LOADJPEG.OBJ
D:\DEV\GIT\BUNDLER-SFM\VC++\DEBUG\MATCHTRACKS.OBJ
D:\DEV\GIT\BUNDLER-SFM\VC++\DEBUG\PROCESSBUNDLE.OBJ
D:\DEV\GIT\BUNDLER-SFM\VC++\DEBUG\RADIALUNDISTORT.EXE
D:\DEV\GIT\BUNDLER-SFM\VC++\DEBUG\RADIALUNDISTORT.EXE.EMBED.MANIFEST
D:\DEV\GIT\BUNDLER-SFM\VC++\DEBUG\RADIALUNDISTORT.EXE.EMBED.MANIFEST.RES
D:\DEV\GIT\BUNDLER-SFM\VC++\DEBUG\RADIALUNDISTORT.EXE.INTERMEDIATE.MANIFEST
D:\DEV\GIT\BUNDLER-SFM\VC++\DEBUG\RADIALUNDISTORT.ILK
D:\DEV\GIT\BUNDLER-SFM\VC++\DEBUG\RADIALUNDISTORT.OBJ
D:\DEV\GIT\BUNDLER-SFM\VC++\DEBUG\RADIALUNDISTORT.PDB
D:\DEV\GIT\BUNDLER-SFM\VC++\DEBUG\REGISTER.OBJ
D:\DEV\GIT\BUNDLER-SFM\VC++\DEBUG\RELATIVEPOSE.OBJ
D:\DEV\GIT\BUNDLER-SFM\VC++\DEBUG\SIFTERUTIL.OBJ
D:\DEV\GIT\BUNDLER-SFM\VC++\DEBUG\TWOFRAMEMODEL.OBJ
D:\DEV\GIT\BUNDLER-SFM\VC++\DEBUG\VC100.PDB
D:\dev\git\bundler-sfm-vs\vc++\Debug\ann_1.1_char.exp
D:\dev\git\bundler-sfm-vs\vc++\Debug\BaseApp.obj
D:\dev\git\bundler-sfm-vs\vc++\Debug\BaseGeometry.obj
D:\dev\git\bundler-sfm-vs\vc++\Debug\BoundingBox.obj
D:\dev\git\bundler-sfm-vs\vc++\Debug\BruteForceSearch.obj
D:\dev\git\bundler-sfm-vs\vc++\Debug\Bundle.obj
D:\dev\git\bundler-sfm-vs\vc++\Debug\Bundle2PMVS.exe.embed.manifest
D:\dev\git\bundler-sfm-vs\vc++\Debug\Bundle2PMVS.exe.embed.manifest.res
D:\dev\git\bundler-sfm-vs\vc++\Debug\Bundle2PMVS.exe.intermediate.manifest
D:\dev\git\bundler-sfm-vs\vc++\Debug\Bundle2PMVS.ilk
D:\dev\git\bundler-sfm-vs\vc++\Debug\Bundle2PMVS.obj
D:\dev\git\bundler-sfm-vs\vc++\Debug\Bundle2PMVS.pdb
D:\dev\git\bundler-sfm-vs\vc++\Debug\Bundle2PMVS.write.1.tlog
D:\dev\git\bundler-sfm-vs\vc++\Debug\Bundle2PMVS_manifest.rc
D:\dev\git\bundler-sfm-vs\vc++\Debug\BundleAdd.obj
D:\dev\git\bundler-sfm-vs\vc++\Debug\BundleFast.obj
D:\dev\git\bundler-sfm-vs\vc++\Debug\BundleIO.obj
D:\dev\git\bundler-sfm-vs\vc++\Debug\Bundler.exe
D:\dev\git\bundler-sfm-vs\vc++\Debug\Bundler.exe.embed.manifest
D:\dev\git\bundler-sfm-vs\vc++\Debug\Bundler.exe.embed.manifest.res
D:\dev\git\bundler-sfm-vs\vc++\Debug\Bundler.exe.intermediate.manifest
D:\dev\git\bundler-sfm-vs\vc++\Debug\Bundler.ilk
D:\dev\git\bundler-sfm-vs\vc++\Debug\Bundler.pdb
D:\dev\git\bundler-sfm-vs\vc++\Debug\Bundler.write.1.tlog
D:\dev\git\bundler-sfm-vs\vc++\Debug\Bundler_manifest.rc
D:\dev\git\bundler-sfm-vs\vc++\Debug\BundlerApp.obj
D:\dev\git\bundler-sfm-vs\vc++\Debug\BundlerGeometry.obj
D:\dev\git\bundler-sfm-vs\vc++\Debug\BundleTwo.obj
D:\dev\git\bundler-sfm-vs\vc++\Debug\Camera.obj
D:\dev\git\bundler-sfm-vs\vc++\Debug\cl.command.1.tlog
D:\dev\git\bundler-sfm-vs\vc++\Debug\CL.read.1.tlog
D:\dev\git\bundler-sfm-vs\vc++\Debug\CL.write.1.tlog
D:\dev\git\bundler-sfm-vs\vc++\Debug\ComputeTracks.obj
D:\dev\git\bundler-sfm-vs\vc++\Debug\Decompose.obj
D:\dev\git\bundler-sfm-vs\vc++\Debug\Distortion.obj
D:\dev\git\bundler-sfm-vs\vc++\Debug\Epipolar.obj
D:\dev\git\bundler-sfm-vs\vc++\Debug\Geometry.obj
D:\dev\git\bundler-sfm-vs\vc++\Debug\ImageData.obj
D:\dev\git\bundler-sfm-vs\vc++\Debug\jpeg.exp
D:\dev\git\bundler-sfm-vs\vc++\Debug\jpeg.ilk
D:\dev\git\bundler-sfm-vs\vc++\Debug\jpeg.pdb
D:\dev\git\bundler-sfm-vs\vc++\Debug\KeyMatchFull.exe.embed.manifest
D:\dev\git\bundler-sfm-vs\vc++\Debug\KeyMatchFull.exe.embed.manifest.res
D:\dev\git\bundler-sfm-vs\vc++\Debug\KeyMatchFull.exe.intermediate.manifest
D:\dev\git\bundler-sfm-vs\vc++\Debug\KeyMatchFull.ilk
D:\dev\git\bundler-sfm-vs\vc++\Debug\KeyMatchFull.obj
D:\dev\git\bundler-sfm-vs\vc++\Debug\KeyMatchFull.pdb
D:\dev\git\bundler-sfm-vs\vc++\Debug\KeyMatchFull.write.1.tlog
D:\dev\git\bundler-sfm-vs\vc++\Debug\KeyMatchFull_manifest.rc
D:\dev\git\bundler-sfm-vs\vc++\Debug\keys.obj
D:\dev\git\bundler-sfm-vs\vc++\Debug\keys2a.obj
D:\dev\git\bundler-sfm-vs\vc++\Debug\link.2128.read.1.tlog
D:\dev\git\bundler-sfm-vs\vc++\Debug\link.2128.write.1.tlog
D:\dev\git\bundler-sfm-vs\vc++\Debug\link.2128-cvtres.read.1.tlog
D:\dev\git\bundler-sfm-vs\vc++\Debug\link.2128-cvtres.write.1.tlog
D:\dev\git\bundler-sfm-vs\vc++\Debug\link.5796.read.1.tlog
D:\dev\git\bundler-sfm-vs\vc++\Debug\link.5796.write.1.tlog
D:\dev\git\bundler-sfm-vs\vc++\Debug\link.5796-cvtres.read.1.tlog
D:\dev\git\bundler-sfm-vs\vc++\Debug\link.5796-cvtres.write.1.tlog
D:\dev\git\bundler-sfm-vs\vc++\Debug\link.6724.read.1.tlog
D:\dev\git\bundler-sfm-vs\vc++\Debug\link.6724.write.1.tlog
D:\dev\git\bundler-sfm-vs\vc++\Debug\link.6724-cvtres.read.1.tlog
D:\dev\git\bundler-sfm-vs\vc++\Debug\link.6724-cvtres.write.1.tlog
D:\dev\git\bundler-sfm-vs\vc++\Debug\link.6788.read.1.tlog
D:\dev\git\bundler-sfm-vs\vc++\Debug\link.6788.read.2.tlog
D:\dev\git\bundler-sfm-vs\vc++\Debug\link.6788.write.1.tlog
D:\dev\git\bundler-sfm-vs\vc++\Debug\link.6788-cvtres.read.1.tlog
D:\dev\git\bundler-sfm-vs\vc++\Debug\link.6788-cvtres.write.1.tlog
D:\dev\git\bundler-sfm-vs\vc++\Debug\link.command.1.tlog
D:\dev\git\bundler-sfm-vs\vc++\Debug\link.read.1.tlog
D:\dev\git\bundler-sfm-vs\vc++\Debug\link.read.2.tlog
D:\dev\git\bundler-sfm-vs\vc++\Debug\link.write.1.tlog
D:\dev\git\bundler-sfm-vs\vc++\Debug\link-cvtres.read.1.tlog
D:\dev\git\bundler-sfm-vs\vc++\Debug\link-cvtres.write.1.tlog
D:\dev\git\bundler-sfm-vs\vc++\Debug\LoadJPEG.obj
D:\dev\git\bundler-sfm-vs\vc++\Debug\MatchTracks.obj
D:\dev\git\bundler-sfm-vs\vc++\Debug\mt.command.1.tlog
D:\dev\git\bundler-sfm-vs\vc++\Debug\mt.read.1.tlog
D:\dev\git\bundler-sfm-vs\vc++\Debug\mt.write.1.tlog
D:\dev\git\bundler-sfm-vs\vc++\Debug\ProcessBundle.obj
D:\dev\git\bundler-sfm-vs\vc++\Debug\RadialUndistort.exe.embed.manifest
D:\dev\git\bundler-sfm-vs\vc++\Debug\RadialUndistort.exe.embed.manifest.res
D:\dev\git\bundler-sfm-vs\vc++\Debug\RadialUndistort.exe.intermediate.manifest
D:\dev\git\bundler-sfm-vs\vc++\Debug\RadialUndistort.ilk
D:\dev\git\bundler-sfm-vs\vc++\Debug\RadialUndistort.obj
D:\dev\git\bundler-sfm-vs\vc++\Debug\RadialUndistort.pdb
D:\dev\git\bundler-sfm-vs\vc++\Debug\RadialUndistort.write.1.tlog
D:\dev\git\bundler-sfm-vs\vc++\Debug\RadialUndistort_manifest.rc
D:\dev\git\bundler-sfm-vs\vc++\Debug\rc.command.1.tlog
D:\dev\git\bundler-sfm-vs\vc++\Debug\rc.read.1.tlog
D:\dev\git\bundler-sfm-vs\vc++\Debug\rc.write.1.tlog
D:\dev\git\bundler-sfm-vs\vc++\Debug\Register.obj
D:\dev\git\bundler-sfm-vs\vc++\Debug\RelativePose.obj
D:\dev\git\bundler-sfm-vs\vc++\Debug\SifterUtil.obj
D:\dev\git\bundler-sfm-vs\vc++\Debug\TwoFrameModel.obj
D:\dev\git\bundler-sfm-vs\vc++\Debug\vc100.idb
D:\dev\git\bundler-sfm-vs\vc++\Debug\vc100.pdb
