D:\DEV\GIT\BUNDLER-SFM\LIB\CLAPACK\DEBUG\DASUM.OBJ
D:\DEV\GIT\BUNDLER-SFM\LIB\CLAPACK\DEBUG\DAXPY.OBJ
D:\DEV\GIT\BUNDLER-SFM\LIB\CLAPACK\DEBUG\DBDSDC.OBJ
D:\DEV\GIT\BUNDLER-SFM\LIB\CLAPACK\DEBUG\DBDSQR.OBJ
D:\DEV\GIT\BUNDLER-SFM\LIB\CLAPACK\DEBUG\DCABS1.OBJ
D:\DEV\GIT\BUNDLER-SFM\LIB\CLAPACK\DEBUG\DCOPY.OBJ
D:\DEV\GIT\BUNDLER-SFM\LIB\CLAPACK\DEBUG\DDISNA.OBJ
D:\DEV\GIT\BUNDLER-SFM\LIB\CLAPACK\DEBUG\DDOT.OBJ
D:\DEV\GIT\BUNDLER-SFM\LIB\CLAPACK\DEBUG\DGBBRD.OBJ
D:\DEV\GIT\BUNDLER-SFM\LIB\CLAPACK\DEBUG\DGBCON.OBJ
D:\DEV\GIT\BUNDLER-SFM\LIB\CLAPACK\DEBUG\DGBEQU.OBJ
D:\DEV\GIT\BUNDLER-SFM\LIB\CLAPACK\DEBUG\DGBMV.OBJ
D:\DEV\GIT\BUNDLER-SFM\LIB\CLAPACK\DEBUG\DGBRFS.OBJ
D:\DEV\GIT\BUNDLER-SFM\LIB\CLAPACK\DEBUG\DGBSV.OBJ
D:\DEV\GIT\BUNDLER-SFM\LIB\CLAPACK\DEBUG\DGBSVX.OBJ
D:\DEV\GIT\BUNDLER-SFM\LIB\CLAPACK\DEBUG\DGBTF2.OBJ
D:\DEV\GIT\BUNDLER-SFM\LIB\CLAPACK\DEBUG\DGBTRF.OBJ
D:\DEV\GIT\BUNDLER-SFM\LIB\CLAPACK\DEBUG\DGBTRS.OBJ
D:\DEV\GIT\BUNDLER-SFM\LIB\CLAPACK\DEBUG\DGEBAK.OBJ
D:\DEV\GIT\BUNDLER-SFM\LIB\CLAPACK\DEBUG\DGEBAL.OBJ
D:\DEV\GIT\BUNDLER-SFM\LIB\CLAPACK\DEBUG\DGEBD2.OBJ
D:\DEV\GIT\BUNDLER-SFM\LIB\CLAPACK\DEBUG\DGEBRD.OBJ
D:\DEV\GIT\BUNDLER-SFM\LIB\CLAPACK\DEBUG\DGECON.OBJ
D:\DEV\GIT\BUNDLER-SFM\LIB\CLAPACK\DEBUG\DGEEQU.OBJ
D:\DEV\GIT\BUNDLER-SFM\LIB\CLAPACK\DEBUG\DGEES.OBJ
D:\DEV\GIT\BUNDLER-SFM\LIB\CLAPACK\DEBUG\DGEESX.OBJ
D:\DEV\GIT\BUNDLER-SFM\LIB\CLAPACK\DEBUG\DGEEV.OBJ
D:\DEV\GIT\BUNDLER-SFM\LIB\CLAPACK\DEBUG\DGEEVX.OBJ
D:\DEV\GIT\BUNDLER-SFM\LIB\CLAPACK\DEBUG\DGEGS.OBJ
D:\DEV\GIT\BUNDLER-SFM\LIB\CLAPACK\DEBUG\DGEGV.OBJ
D:\DEV\GIT\BUNDLER-SFM\LIB\CLAPACK\DEBUG\DGEHD2.OBJ
D:\DEV\GIT\BUNDLER-SFM\LIB\CLAPACK\DEBUG\DGEHRD.OBJ
D:\DEV\GIT\BUNDLER-SFM\LIB\CLAPACK\DEBUG\DGELQ2.OBJ
D:\DEV\GIT\BUNDLER-SFM\LIB\CLAPACK\DEBUG\DGELQF.OBJ
D:\DEV\GIT\BUNDLER-SFM\LIB\CLAPACK\DEBUG\DGELS.OBJ
D:\DEV\GIT\BUNDLER-SFM\LIB\CLAPACK\DEBUG\DGELSD.OBJ
D:\DEV\GIT\BUNDLER-SFM\LIB\CLAPACK\DEBUG\DGELSS.OBJ
D:\DEV\GIT\BUNDLER-SFM\LIB\CLAPACK\DEBUG\DGELSX.OBJ
D:\DEV\GIT\BUNDLER-SFM\LIB\CLAPACK\DEBUG\DGELSY.OBJ
D:\DEV\GIT\BUNDLER-SFM\LIB\CLAPACK\DEBUG\DGEMM.OBJ
D:\DEV\GIT\BUNDLER-SFM\LIB\CLAPACK\DEBUG\DGEMV.OBJ
D:\DEV\GIT\BUNDLER-SFM\LIB\CLAPACK\DEBUG\DGEQL2.OBJ
D:\DEV\GIT\BUNDLER-SFM\LIB\CLAPACK\DEBUG\DGEQLF.OBJ
D:\DEV\GIT\BUNDLER-SFM\LIB\CLAPACK\DEBUG\DGEQP3.OBJ
D:\DEV\GIT\BUNDLER-SFM\LIB\CLAPACK\DEBUG\DGEQPF.OBJ
D:\DEV\GIT\BUNDLER-SFM\LIB\CLAPACK\DEBUG\DGEQR2.OBJ
D:\DEV\GIT\BUNDLER-SFM\LIB\CLAPACK\DEBUG\DGEQRF.OBJ
D:\DEV\GIT\BUNDLER-SFM\LIB\CLAPACK\DEBUG\DGER.OBJ
D:\DEV\GIT\BUNDLER-SFM\LIB\CLAPACK\DEBUG\DGERFS.OBJ
D:\DEV\GIT\BUNDLER-SFM\LIB\CLAPACK\DEBUG\DGERQ2.OBJ
D:\DEV\GIT\BUNDLER-SFM\LIB\CLAPACK\DEBUG\DGERQF.OBJ
D:\DEV\GIT\BUNDLER-SFM\LIB\CLAPACK\DEBUG\DGESC2.OBJ
D:\DEV\GIT\BUNDLER-SFM\LIB\CLAPACK\DEBUG\DGESDD.OBJ
D:\DEV\GIT\BUNDLER-SFM\LIB\CLAPACK\DEBUG\DGESV.OBJ
D:\DEV\GIT\BUNDLER-SFM\LIB\CLAPACK\DEBUG\DGESVD.OBJ
D:\DEV\GIT\BUNDLER-SFM\LIB\CLAPACK\DEBUG\DGESVX.OBJ
D:\DEV\GIT\BUNDLER-SFM\LIB\CLAPACK\DEBUG\DGETC2.OBJ
D:\DEV\GIT\BUNDLER-SFM\LIB\CLAPACK\DEBUG\DGETF2.OBJ
D:\DEV\GIT\BUNDLER-SFM\LIB\CLAPACK\DEBUG\DGETRF.OBJ
D:\DEV\GIT\BUNDLER-SFM\LIB\CLAPACK\DEBUG\DGETRI.OBJ
D:\DEV\GIT\BUNDLER-SFM\LIB\CLAPACK\DEBUG\DGETRS.OBJ
D:\DEV\GIT\BUNDLER-SFM\LIB\CLAPACK\DEBUG\DGGBAK.OBJ
D:\DEV\GIT\BUNDLER-SFM\LIB\CLAPACK\DEBUG\DGGBAL.OBJ
D:\DEV\GIT\BUNDLER-SFM\LIB\CLAPACK\DEBUG\DGGES.OBJ
D:\DEV\GIT\BUNDLER-SFM\LIB\CLAPACK\DEBUG\DGGESX.OBJ
D:\DEV\GIT\BUNDLER-SFM\LIB\CLAPACK\DEBUG\DGGEV.OBJ
D:\DEV\GIT\BUNDLER-SFM\LIB\CLAPACK\DEBUG\DGGEVX.OBJ
D:\DEV\GIT\BUNDLER-SFM\LIB\CLAPACK\DEBUG\DGGGLM.OBJ
D:\DEV\GIT\BUNDLER-SFM\LIB\CLAPACK\DEBUG\DGGHRD.OBJ
D:\DEV\GIT\BUNDLER-SFM\LIB\CLAPACK\DEBUG\DGGLSE.OBJ
D:\DEV\GIT\BUNDLER-SFM\LIB\CLAPACK\DEBUG\DGGQRF.OBJ
D:\DEV\GIT\BUNDLER-SFM\LIB\CLAPACK\DEBUG\DGGRQF.OBJ
D:\DEV\GIT\BUNDLER-SFM\LIB\CLAPACK\DEBUG\DGGSVD.OBJ
D:\DEV\GIT\BUNDLER-SFM\LIB\CLAPACK\DEBUG\DGGSVP.OBJ
D:\DEV\GIT\BUNDLER-SFM\LIB\CLAPACK\DEBUG\DGTCON.OBJ
D:\DEV\GIT\BUNDLER-SFM\LIB\CLAPACK\DEBUG\DGTRFS.OBJ
D:\DEV\GIT\BUNDLER-SFM\LIB\CLAPACK\DEBUG\DGTSV.OBJ
D:\DEV\GIT\BUNDLER-SFM\LIB\CLAPACK\DEBUG\DGTSVX.OBJ
D:\DEV\GIT\BUNDLER-SFM\LIB\CLAPACK\DEBUG\DGTTRF.OBJ
D:\DEV\GIT\BUNDLER-SFM\LIB\CLAPACK\DEBUG\DGTTRS.OBJ
D:\DEV\GIT\BUNDLER-SFM\LIB\CLAPACK\DEBUG\DGTTS2.OBJ
D:\DEV\GIT\BUNDLER-SFM\LIB\CLAPACK\DEBUG\DHGEQZ.OBJ
D:\DEV\GIT\BUNDLER-SFM\LIB\CLAPACK\DEBUG\DHSEIN.OBJ
D:\DEV\GIT\BUNDLER-SFM\LIB\CLAPACK\DEBUG\DHSEQR.OBJ
D:\DEV\GIT\BUNDLER-SFM\LIB\CLAPACK\DEBUG\DISNAN.OBJ
D:\DEV\GIT\BUNDLER-SFM\LIB\CLAPACK\DEBUG\DLABAD.OBJ
D:\DEV\GIT\BUNDLER-SFM\LIB\CLAPACK\DEBUG\DLABRD.OBJ
D:\DEV\GIT\BUNDLER-SFM\LIB\CLAPACK\DEBUG\DLACN2.OBJ
D:\DEV\GIT\BUNDLER-SFM\LIB\CLAPACK\DEBUG\DLACON.OBJ
D:\DEV\GIT\BUNDLER-SFM\LIB\CLAPACK\DEBUG\DLACPY.OBJ
D:\DEV\GIT\BUNDLER-SFM\LIB\CLAPACK\DEBUG\DLADIV.OBJ
D:\DEV\GIT\BUNDLER-SFM\LIB\CLAPACK\DEBUG\DLAE2.OBJ
D:\DEV\GIT\BUNDLER-SFM\LIB\CLAPACK\DEBUG\DLAEBZ.OBJ
D:\DEV\GIT\BUNDLER-SFM\LIB\CLAPACK\DEBUG\DLAED0.OBJ
D:\DEV\GIT\BUNDLER-SFM\LIB\CLAPACK\DEBUG\DLAED1.OBJ
D:\DEV\GIT\BUNDLER-SFM\LIB\CLAPACK\DEBUG\DLAED2.OBJ
D:\DEV\GIT\BUNDLER-SFM\LIB\CLAPACK\DEBUG\DLAED3.OBJ
D:\DEV\GIT\BUNDLER-SFM\LIB\CLAPACK\DEBUG\DLAED4.OBJ
D:\DEV\GIT\BUNDLER-SFM\LIB\CLAPACK\DEBUG\DLAED5.OBJ
D:\DEV\GIT\BUNDLER-SFM\LIB\CLAPACK\DEBUG\DLAED6.OBJ
D:\DEV\GIT\BUNDLER-SFM\LIB\CLAPACK\DEBUG\DLAED7.OBJ
D:\DEV\GIT\BUNDLER-SFM\LIB\CLAPACK\DEBUG\DLAED8.OBJ
D:\DEV\GIT\BUNDLER-SFM\LIB\CLAPACK\DEBUG\DLAED9.OBJ
D:\DEV\GIT\BUNDLER-SFM\LIB\CLAPACK\DEBUG\DLAEDA.OBJ
D:\DEV\GIT\BUNDLER-SFM\LIB\CLAPACK\DEBUG\DLAEIN.OBJ
D:\DEV\GIT\BUNDLER-SFM\LIB\CLAPACK\DEBUG\DLAEV2.OBJ
D:\DEV\GIT\BUNDLER-SFM\LIB\CLAPACK\DEBUG\DLAEXC.OBJ
D:\DEV\GIT\BUNDLER-SFM\LIB\CLAPACK\DEBUG\DLAG2.OBJ
D:\DEV\GIT\BUNDLER-SFM\LIB\CLAPACK\DEBUG\DLAG2S.OBJ
D:\DEV\GIT\BUNDLER-SFM\LIB\CLAPACK\DEBUG\DLAGS2.OBJ
D:\DEV\GIT\BUNDLER-SFM\LIB\CLAPACK\DEBUG\DLAGTF.OBJ
D:\DEV\GIT\BUNDLER-SFM\LIB\CLAPACK\DEBUG\DLAGTM.OBJ
D:\DEV\GIT\BUNDLER-SFM\LIB\CLAPACK\DEBUG\DLAGTS.OBJ
D:\DEV\GIT\BUNDLER-SFM\LIB\CLAPACK\DEBUG\DLAGV2.OBJ
D:\DEV\GIT\BUNDLER-SFM\LIB\CLAPACK\DEBUG\DLAHQR.OBJ
D:\DEV\GIT\BUNDLER-SFM\LIB\CLAPACK\DEBUG\DLAHR2.OBJ
D:\DEV\GIT\BUNDLER-SFM\LIB\CLAPACK\DEBUG\DLAHRD.OBJ
D:\DEV\GIT\BUNDLER-SFM\LIB\CLAPACK\DEBUG\DLAIC1.OBJ
D:\DEV\GIT\BUNDLER-SFM\LIB\CLAPACK\DEBUG\DLAISNAN.OBJ
D:\DEV\GIT\BUNDLER-SFM\LIB\CLAPACK\DEBUG\DLALN2.OBJ
D:\DEV\GIT\BUNDLER-SFM\LIB\CLAPACK\DEBUG\DLALS0.OBJ
D:\DEV\GIT\BUNDLER-SFM\LIB\CLAPACK\DEBUG\DLALSA.OBJ
D:\DEV\GIT\BUNDLER-SFM\LIB\CLAPACK\DEBUG\DLALSD.OBJ
D:\DEV\GIT\BUNDLER-SFM\LIB\CLAPACK\DEBUG\DLAMCH.OBJ
D:\DEV\GIT\BUNDLER-SFM\LIB\CLAPACK\DEBUG\DLAMCHTST.OBJ
D:\DEV\GIT\BUNDLER-SFM\LIB\CLAPACK\DEBUG\DLAMRG.OBJ
D:\DEV\GIT\BUNDLER-SFM\LIB\CLAPACK\DEBUG\DLANEG.OBJ
D:\DEV\GIT\BUNDLER-SFM\LIB\CLAPACK\DEBUG\DLANGB.OBJ
D:\DEV\GIT\BUNDLER-SFM\LIB\CLAPACK\DEBUG\DLANGE.OBJ
D:\DEV\GIT\BUNDLER-SFM\LIB\CLAPACK\DEBUG\DLANGT.OBJ
D:\DEV\GIT\BUNDLER-SFM\LIB\CLAPACK\DEBUG\DLANHS.OBJ
D:\DEV\GIT\BUNDLER-SFM\LIB\CLAPACK\DEBUG\DLANSB.OBJ
D:\DEV\GIT\BUNDLER-SFM\LIB\CLAPACK\DEBUG\DLANSP.OBJ
D:\DEV\GIT\BUNDLER-SFM\LIB\CLAPACK\DEBUG\DLANST.OBJ
D:\DEV\GIT\BUNDLER-SFM\LIB\CLAPACK\DEBUG\DLANSY.OBJ
D:\DEV\GIT\BUNDLER-SFM\LIB\CLAPACK\DEBUG\DLANTB.OBJ
D:\DEV\GIT\BUNDLER-SFM\LIB\CLAPACK\DEBUG\DLANTP.OBJ
D:\DEV\GIT\BUNDLER-SFM\LIB\CLAPACK\DEBUG\DLANTR.OBJ
D:\DEV\GIT\BUNDLER-SFM\LIB\CLAPACK\DEBUG\DLANV2.OBJ
D:\DEV\GIT\BUNDLER-SFM\LIB\CLAPACK\DEBUG\DLAPLL.OBJ
D:\DEV\GIT\BUNDLER-SFM\LIB\CLAPACK\DEBUG\DLAPMT.OBJ
D:\DEV\GIT\BUNDLER-SFM\LIB\CLAPACK\DEBUG\DLAPY2.OBJ
D:\DEV\GIT\BUNDLER-SFM\LIB\CLAPACK\DEBUG\DLAPY3.OBJ
D:\DEV\GIT\BUNDLER-SFM\LIB\CLAPACK\DEBUG\DLAQGB.OBJ
D:\DEV\GIT\BUNDLER-SFM\LIB\CLAPACK\DEBUG\DLAQGE.OBJ
D:\DEV\GIT\BUNDLER-SFM\LIB\CLAPACK\DEBUG\DLAQP2.OBJ
D:\DEV\GIT\BUNDLER-SFM\LIB\CLAPACK\DEBUG\DLAQPS.OBJ
D:\DEV\GIT\BUNDLER-SFM\LIB\CLAPACK\DEBUG\DLAQR0.OBJ
D:\DEV\GIT\BUNDLER-SFM\LIB\CLAPACK\DEBUG\DLAQR1.OBJ
D:\DEV\GIT\BUNDLER-SFM\LIB\CLAPACK\DEBUG\DLAQR2.OBJ
D:\DEV\GIT\BUNDLER-SFM\LIB\CLAPACK\DEBUG\DLAQR3.OBJ
D:\DEV\GIT\BUNDLER-SFM\LIB\CLAPACK\DEBUG\DLAQR4.OBJ
D:\DEV\GIT\BUNDLER-SFM\LIB\CLAPACK\DEBUG\DLAQR5.OBJ
D:\DEV\GIT\BUNDLER-SFM\LIB\CLAPACK\DEBUG\DLAQSB.OBJ
D:\DEV\GIT\BUNDLER-SFM\LIB\CLAPACK\DEBUG\DLAQSP.OBJ
D:\DEV\GIT\BUNDLER-SFM\LIB\CLAPACK\DEBUG\DLAQSY.OBJ
D:\DEV\GIT\BUNDLER-SFM\LIB\CLAPACK\DEBUG\DLAQTR.OBJ
D:\DEV\GIT\BUNDLER-SFM\LIB\CLAPACK\DEBUG\DLAR1V.OBJ
D:\DEV\GIT\BUNDLER-SFM\LIB\CLAPACK\DEBUG\DLAR2V.OBJ
D:\DEV\GIT\BUNDLER-SFM\LIB\CLAPACK\DEBUG\DLARF.OBJ
D:\DEV\GIT\BUNDLER-SFM\LIB\CLAPACK\DEBUG\DLARFB.OBJ
D:\DEV\GIT\BUNDLER-SFM\LIB\CLAPACK\DEBUG\DLARFG.OBJ
D:\DEV\GIT\BUNDLER-SFM\LIB\CLAPACK\DEBUG\DLARFT.OBJ
D:\DEV\GIT\BUNDLER-SFM\LIB\CLAPACK\DEBUG\DLARFX.OBJ
D:\DEV\GIT\BUNDLER-SFM\LIB\CLAPACK\DEBUG\DLARGV.OBJ
D:\DEV\GIT\BUNDLER-SFM\LIB\CLAPACK\DEBUG\DLARNV.OBJ
D:\DEV\GIT\BUNDLER-SFM\LIB\CLAPACK\DEBUG\DLARRA.OBJ
D:\DEV\GIT\BUNDLER-SFM\LIB\CLAPACK\DEBUG\DLARRB.OBJ
D:\DEV\GIT\BUNDLER-SFM\LIB\CLAPACK\DEBUG\DLARRC.OBJ
D:\DEV\GIT\BUNDLER-SFM\LIB\CLAPACK\DEBUG\DLARRD.OBJ
D:\DEV\GIT\BUNDLER-SFM\LIB\CLAPACK\DEBUG\DLARRE.OBJ
D:\DEV\GIT\BUNDLER-SFM\LIB\CLAPACK\DEBUG\DLARRF.OBJ
D:\DEV\GIT\BUNDLER-SFM\LIB\CLAPACK\DEBUG\DLARRJ.OBJ
D:\DEV\GIT\BUNDLER-SFM\LIB\CLAPACK\DEBUG\DLARRK.OBJ
D:\DEV\GIT\BUNDLER-SFM\LIB\CLAPACK\DEBUG\DLARRR.OBJ
D:\DEV\GIT\BUNDLER-SFM\LIB\CLAPACK\DEBUG\DLARRV.OBJ
D:\DEV\GIT\BUNDLER-SFM\LIB\CLAPACK\DEBUG\DLARTG.OBJ
D:\DEV\GIT\BUNDLER-SFM\LIB\CLAPACK\DEBUG\DLARTV.OBJ
D:\DEV\GIT\BUNDLER-SFM\LIB\CLAPACK\DEBUG\DLARUV.OBJ
D:\DEV\GIT\BUNDLER-SFM\LIB\CLAPACK\DEBUG\DLARZ.OBJ
D:\DEV\GIT\BUNDLER-SFM\LIB\CLAPACK\DEBUG\DLARZB.OBJ
D:\DEV\GIT\BUNDLER-SFM\LIB\CLAPACK\DEBUG\DLARZT.OBJ
D:\DEV\GIT\BUNDLER-SFM\LIB\CLAPACK\DEBUG\DLAS2.OBJ
D:\DEV\GIT\BUNDLER-SFM\LIB\CLAPACK\DEBUG\DLASCL.OBJ
D:\DEV\GIT\BUNDLER-SFM\LIB\CLAPACK\DEBUG\DLASD0.OBJ
D:\DEV\GIT\BUNDLER-SFM\LIB\CLAPACK\DEBUG\DLASD1.OBJ
D:\DEV\GIT\BUNDLER-SFM\LIB\CLAPACK\DEBUG\DLASD2.OBJ
D:\DEV\GIT\BUNDLER-SFM\LIB\CLAPACK\DEBUG\DLASD3.OBJ
D:\DEV\GIT\BUNDLER-SFM\LIB\CLAPACK\DEBUG\DLASD4.OBJ
D:\DEV\GIT\BUNDLER-SFM\LIB\CLAPACK\DEBUG\DLASD5.OBJ
D:\DEV\GIT\BUNDLER-SFM\LIB\CLAPACK\DEBUG\DLASD6.OBJ
D:\DEV\GIT\BUNDLER-SFM\LIB\CLAPACK\DEBUG\DLASD7.OBJ
D:\DEV\GIT\BUNDLER-SFM\LIB\CLAPACK\DEBUG\DLASD8.OBJ
D:\DEV\GIT\BUNDLER-SFM\LIB\CLAPACK\DEBUG\DLASDA.OBJ
D:\DEV\GIT\BUNDLER-SFM\LIB\CLAPACK\DEBUG\DLASDQ.OBJ
D:\DEV\GIT\BUNDLER-SFM\LIB\CLAPACK\DEBUG\DLASDT.OBJ
D:\DEV\GIT\BUNDLER-SFM\LIB\CLAPACK\DEBUG\DLASET.OBJ
D:\DEV\GIT\BUNDLER-SFM\LIB\CLAPACK\DEBUG\DLASQ1.OBJ
D:\DEV\GIT\BUNDLER-SFM\LIB\CLAPACK\DEBUG\DLASQ2.OBJ
D:\DEV\GIT\BUNDLER-SFM\LIB\CLAPACK\DEBUG\DLASQ3.OBJ
D:\DEV\GIT\BUNDLER-SFM\LIB\CLAPACK\DEBUG\DLASQ4.OBJ
D:\DEV\GIT\BUNDLER-SFM\LIB\CLAPACK\DEBUG\DLASQ5.OBJ
D:\DEV\GIT\BUNDLER-SFM\LIB\CLAPACK\DEBUG\DLASQ6.OBJ
D:\DEV\GIT\BUNDLER-SFM\LIB\CLAPACK\DEBUG\DLASR.OBJ
D:\DEV\GIT\BUNDLER-SFM\LIB\CLAPACK\DEBUG\DLASRT.OBJ
D:\DEV\GIT\BUNDLER-SFM\LIB\CLAPACK\DEBUG\DLASSQ.OBJ
D:\DEV\GIT\BUNDLER-SFM\LIB\CLAPACK\DEBUG\DLASV2.OBJ
D:\DEV\GIT\BUNDLER-SFM\LIB\CLAPACK\DEBUG\DLASWP.OBJ
D:\DEV\GIT\BUNDLER-SFM\LIB\CLAPACK\DEBUG\DLASY2.OBJ
D:\DEV\GIT\BUNDLER-SFM\LIB\CLAPACK\DEBUG\DLASYF.OBJ
D:\DEV\GIT\BUNDLER-SFM\LIB\CLAPACK\DEBUG\DLATBS.OBJ
D:\DEV\GIT\BUNDLER-SFM\LIB\CLAPACK\DEBUG\DLATDF.OBJ
D:\DEV\GIT\BUNDLER-SFM\LIB\CLAPACK\DEBUG\DLATPS.OBJ
D:\DEV\GIT\BUNDLER-SFM\LIB\CLAPACK\DEBUG\DLATRD.OBJ
D:\DEV\GIT\BUNDLER-SFM\LIB\CLAPACK\DEBUG\DLATRS.OBJ
D:\DEV\GIT\BUNDLER-SFM\LIB\CLAPACK\DEBUG\DLATRZ.OBJ
D:\DEV\GIT\BUNDLER-SFM\LIB\CLAPACK\DEBUG\DLATZM.OBJ
D:\DEV\GIT\BUNDLER-SFM\LIB\CLAPACK\DEBUG\DLAUU2.OBJ
D:\DEV\GIT\BUNDLER-SFM\LIB\CLAPACK\DEBUG\DLAUUM.OBJ
D:\DEV\GIT\BUNDLER-SFM\LIB\CLAPACK\DEBUG\DLAZQ3.OBJ
D:\DEV\GIT\BUNDLER-SFM\LIB\CLAPACK\DEBUG\DLAZQ4.OBJ
D:\DEV\GIT\BUNDLER-SFM\LIB\CLAPACK\DEBUG\DNRM2.OBJ
D:\DEV\GIT\BUNDLER-SFM\LIB\CLAPACK\DEBUG\DOPGTR.OBJ
D:\DEV\GIT\BUNDLER-SFM\LIB\CLAPACK\DEBUG\DOPMTR.OBJ
D:\DEV\GIT\BUNDLER-SFM\LIB\CLAPACK\DEBUG\DORG2L.OBJ
D:\DEV\GIT\BUNDLER-SFM\LIB\CLAPACK\DEBUG\DORG2R.OBJ
D:\DEV\GIT\BUNDLER-SFM\LIB\CLAPACK\DEBUG\DORGBR.OBJ
D:\DEV\GIT\BUNDLER-SFM\LIB\CLAPACK\DEBUG\DORGHR.OBJ
D:\DEV\GIT\BUNDLER-SFM\LIB\CLAPACK\DEBUG\DORGL2.OBJ
D:\DEV\GIT\BUNDLER-SFM\LIB\CLAPACK\DEBUG\DORGLQ.OBJ
D:\DEV\GIT\BUNDLER-SFM\LIB\CLAPACK\DEBUG\DORGQL.OBJ
D:\DEV\GIT\BUNDLER-SFM\LIB\CLAPACK\DEBUG\DORGQR.OBJ
D:\DEV\GIT\BUNDLER-SFM\LIB\CLAPACK\DEBUG\DORGR2.OBJ
D:\DEV\GIT\BUNDLER-SFM\LIB\CLAPACK\DEBUG\DORGRQ.OBJ
D:\DEV\GIT\BUNDLER-SFM\LIB\CLAPACK\DEBUG\DORGTR.OBJ
D:\DEV\GIT\BUNDLER-SFM\LIB\CLAPACK\DEBUG\DORM2L.OBJ
D:\DEV\GIT\BUNDLER-SFM\LIB\CLAPACK\DEBUG\DORM2R.OBJ
D:\DEV\GIT\BUNDLER-SFM\LIB\CLAPACK\DEBUG\DORMBR.OBJ
D:\DEV\GIT\BUNDLER-SFM\LIB\CLAPACK\DEBUG\DORMHR.OBJ
D:\DEV\GIT\BUNDLER-SFM\LIB\CLAPACK\DEBUG\DORML2.OBJ
D:\DEV\GIT\BUNDLER-SFM\LIB\CLAPACK\DEBUG\DORMLQ.OBJ
D:\DEV\GIT\BUNDLER-SFM\LIB\CLAPACK\DEBUG\DORMQL.OBJ
D:\DEV\GIT\BUNDLER-SFM\LIB\CLAPACK\DEBUG\DORMQR.OBJ
D:\DEV\GIT\BUNDLER-SFM\LIB\CLAPACK\DEBUG\DORMR2.OBJ
D:\DEV\GIT\BUNDLER-SFM\LIB\CLAPACK\DEBUG\DORMR3.OBJ
D:\DEV\GIT\BUNDLER-SFM\LIB\CLAPACK\DEBUG\DORMRQ.OBJ
D:\DEV\GIT\BUNDLER-SFM\LIB\CLAPACK\DEBUG\DORMRZ.OBJ
D:\DEV\GIT\BUNDLER-SFM\LIB\CLAPACK\DEBUG\DORMTR.OBJ
D:\DEV\GIT\BUNDLER-SFM\LIB\CLAPACK\DEBUG\DPBCON.OBJ
D:\DEV\GIT\BUNDLER-SFM\LIB\CLAPACK\DEBUG\DPBEQU.OBJ
D:\DEV\GIT\BUNDLER-SFM\LIB\CLAPACK\DEBUG\DPBRFS.OBJ
D:\DEV\GIT\BUNDLER-SFM\LIB\CLAPACK\DEBUG\DPBSTF.OBJ
D:\DEV\GIT\BUNDLER-SFM\LIB\CLAPACK\DEBUG\DPBSV.OBJ
D:\DEV\GIT\BUNDLER-SFM\LIB\CLAPACK\DEBUG\DPBSVX.OBJ
D:\DEV\GIT\BUNDLER-SFM\LIB\CLAPACK\DEBUG\DPBTF2.OBJ
D:\DEV\GIT\BUNDLER-SFM\LIB\CLAPACK\DEBUG\DPBTRF.OBJ
D:\DEV\GIT\BUNDLER-SFM\LIB\CLAPACK\DEBUG\DPBTRS.OBJ
D:\DEV\GIT\BUNDLER-SFM\LIB\CLAPACK\DEBUG\DPOCON.OBJ
D:\DEV\GIT\BUNDLER-SFM\LIB\CLAPACK\DEBUG\DPOEQU.OBJ
D:\DEV\GIT\BUNDLER-SFM\LIB\CLAPACK\DEBUG\DPORFS.OBJ
D:\DEV\GIT\BUNDLER-SFM\LIB\CLAPACK\DEBUG\DPOSV.OBJ
D:\DEV\GIT\BUNDLER-SFM\LIB\CLAPACK\DEBUG\DPOSVX.OBJ
D:\DEV\GIT\BUNDLER-SFM\LIB\CLAPACK\DEBUG\DPOTF2.OBJ
D:\DEV\GIT\BUNDLER-SFM\LIB\CLAPACK\DEBUG\DPOTRF.OBJ
D:\DEV\GIT\BUNDLER-SFM\LIB\CLAPACK\DEBUG\DPOTRI.OBJ
D:\DEV\GIT\BUNDLER-SFM\LIB\CLAPACK\DEBUG\DPOTRS.OBJ
D:\DEV\GIT\BUNDLER-SFM\LIB\CLAPACK\DEBUG\DPPCON.OBJ
D:\DEV\GIT\BUNDLER-SFM\LIB\CLAPACK\DEBUG\DPPEQU.OBJ
D:\DEV\GIT\BUNDLER-SFM\LIB\CLAPACK\DEBUG\DPPRFS.OBJ
D:\DEV\GIT\BUNDLER-SFM\LIB\CLAPACK\DEBUG\DPPSV.OBJ
D:\DEV\GIT\BUNDLER-SFM\LIB\CLAPACK\DEBUG\DPPSVX.OBJ
D:\DEV\GIT\BUNDLER-SFM\LIB\CLAPACK\DEBUG\DPPTRF.OBJ
D:\DEV\GIT\BUNDLER-SFM\LIB\CLAPACK\DEBUG\DPPTRI.OBJ
D:\DEV\GIT\BUNDLER-SFM\LIB\CLAPACK\DEBUG\DPPTRS.OBJ
D:\DEV\GIT\BUNDLER-SFM\LIB\CLAPACK\DEBUG\DPTCON.OBJ
D:\DEV\GIT\BUNDLER-SFM\LIB\CLAPACK\DEBUG\DPTEQR.OBJ
D:\DEV\GIT\BUNDLER-SFM\LIB\CLAPACK\DEBUG\DPTRFS.OBJ
D:\DEV\GIT\BUNDLER-SFM\LIB\CLAPACK\DEBUG\DPTSV.OBJ
D:\DEV\GIT\BUNDLER-SFM\LIB\CLAPACK\DEBUG\DPTSVX.OBJ
D:\DEV\GIT\BUNDLER-SFM\LIB\CLAPACK\DEBUG\DPTTRF.OBJ
D:\DEV\GIT\BUNDLER-SFM\LIB\CLAPACK\DEBUG\DPTTRS.OBJ
D:\DEV\GIT\BUNDLER-SFM\LIB\CLAPACK\DEBUG\DPTTS2.OBJ
D:\DEV\GIT\BUNDLER-SFM\LIB\CLAPACK\DEBUG\DROT.OBJ
D:\DEV\GIT\BUNDLER-SFM\LIB\CLAPACK\DEBUG\DROTG.OBJ
D:\DEV\GIT\BUNDLER-SFM\LIB\CLAPACK\DEBUG\DROTM.OBJ
D:\DEV\GIT\BUNDLER-SFM\LIB\CLAPACK\DEBUG\DROTMG.OBJ
D:\DEV\GIT\BUNDLER-SFM\LIB\CLAPACK\DEBUG\DRSCL.OBJ
D:\DEV\GIT\BUNDLER-SFM\LIB\CLAPACK\DEBUG\DSBEV.OBJ
D:\DEV\GIT\BUNDLER-SFM\LIB\CLAPACK\DEBUG\DSBEVD.OBJ
D:\DEV\GIT\BUNDLER-SFM\LIB\CLAPACK\DEBUG\DSBEVX.OBJ
D:\DEV\GIT\BUNDLER-SFM\LIB\CLAPACK\DEBUG\DSBGST.OBJ
D:\DEV\GIT\BUNDLER-SFM\LIB\CLAPACK\DEBUG\DSBGV.OBJ
D:\DEV\GIT\BUNDLER-SFM\LIB\CLAPACK\DEBUG\DSBGVD.OBJ
D:\DEV\GIT\BUNDLER-SFM\LIB\CLAPACK\DEBUG\DSBGVX.OBJ
D:\DEV\GIT\BUNDLER-SFM\LIB\CLAPACK\DEBUG\DSBMV.OBJ
D:\DEV\GIT\BUNDLER-SFM\LIB\CLAPACK\DEBUG\DSBTRD.OBJ
D:\DEV\GIT\BUNDLER-SFM\LIB\CLAPACK\DEBUG\DSCAL.OBJ
D:\DEV\GIT\BUNDLER-SFM\LIB\CLAPACK\DEBUG\DSDOT.OBJ
D:\DEV\GIT\BUNDLER-SFM\LIB\CLAPACK\DEBUG\DSECNDTST.OBJ
D:\DEV\GIT\BUNDLER-SFM\LIB\CLAPACK\DEBUG\DSGESV.OBJ
D:\DEV\GIT\BUNDLER-SFM\LIB\CLAPACK\DEBUG\DSPCON.OBJ
D:\DEV\GIT\BUNDLER-SFM\LIB\CLAPACK\DEBUG\DSPEV.OBJ
D:\DEV\GIT\BUNDLER-SFM\LIB\CLAPACK\DEBUG\DSPEVD.OBJ
D:\DEV\GIT\BUNDLER-SFM\LIB\CLAPACK\DEBUG\DSPEVX.OBJ
D:\DEV\GIT\BUNDLER-SFM\LIB\CLAPACK\DEBUG\DSPGST.OBJ
D:\DEV\GIT\BUNDLER-SFM\LIB\CLAPACK\DEBUG\DSPGV.OBJ
D:\DEV\GIT\BUNDLER-SFM\LIB\CLAPACK\DEBUG\DSPGVD.OBJ
D:\DEV\GIT\BUNDLER-SFM\LIB\CLAPACK\DEBUG\DSPGVX.OBJ
D:\DEV\GIT\BUNDLER-SFM\LIB\CLAPACK\DEBUG\DSPMV.OBJ
D:\DEV\GIT\BUNDLER-SFM\LIB\CLAPACK\DEBUG\DSPR.OBJ
D:\DEV\GIT\BUNDLER-SFM\LIB\CLAPACK\DEBUG\DSPR2.OBJ
D:\DEV\GIT\BUNDLER-SFM\LIB\CLAPACK\DEBUG\DSPRFS.OBJ
D:\DEV\GIT\BUNDLER-SFM\LIB\CLAPACK\DEBUG\DSPSV.OBJ
D:\DEV\GIT\BUNDLER-SFM\LIB\CLAPACK\DEBUG\DSPSVX.OBJ
D:\DEV\GIT\BUNDLER-SFM\LIB\CLAPACK\DEBUG\DSPTRD.OBJ
D:\DEV\GIT\BUNDLER-SFM\LIB\CLAPACK\DEBUG\DSPTRF.OBJ
D:\DEV\GIT\BUNDLER-SFM\LIB\CLAPACK\DEBUG\DSPTRI.OBJ
D:\DEV\GIT\BUNDLER-SFM\LIB\CLAPACK\DEBUG\DSPTRS.OBJ
D:\DEV\GIT\BUNDLER-SFM\LIB\CLAPACK\DEBUG\DSTEBZ.OBJ
D:\DEV\GIT\BUNDLER-SFM\LIB\CLAPACK\DEBUG\DSTEDC.OBJ
D:\DEV\GIT\BUNDLER-SFM\LIB\CLAPACK\DEBUG\DSTEGR.OBJ
D:\DEV\GIT\BUNDLER-SFM\LIB\CLAPACK\DEBUG\DSTEIN.OBJ
D:\DEV\GIT\BUNDLER-SFM\LIB\CLAPACK\DEBUG\DSTEMR.OBJ
D:\DEV\GIT\BUNDLER-SFM\LIB\CLAPACK\DEBUG\DSTEQR.OBJ
D:\DEV\GIT\BUNDLER-SFM\LIB\CLAPACK\DEBUG\DSTERF.OBJ
D:\DEV\GIT\BUNDLER-SFM\LIB\CLAPACK\DEBUG\DSTEV.OBJ
D:\DEV\GIT\BUNDLER-SFM\LIB\CLAPACK\DEBUG\DSTEVD.OBJ
D:\DEV\GIT\BUNDLER-SFM\LIB\CLAPACK\DEBUG\DSTEVR.OBJ
D:\DEV\GIT\BUNDLER-SFM\LIB\CLAPACK\DEBUG\DSTEVX.OBJ
D:\DEV\GIT\BUNDLER-SFM\LIB\CLAPACK\DEBUG\DSWAP.OBJ
D:\DEV\GIT\BUNDLER-SFM\LIB\CLAPACK\DEBUG\DSYCON.OBJ
D:\DEV\GIT\BUNDLER-SFM\LIB\CLAPACK\DEBUG\DSYEV.OBJ
D:\DEV\GIT\BUNDLER-SFM\LIB\CLAPACK\DEBUG\DSYEVD.OBJ
D:\DEV\GIT\BUNDLER-SFM\LIB\CLAPACK\DEBUG\DSYEVR.OBJ
D:\DEV\GIT\BUNDLER-SFM\LIB\CLAPACK\DEBUG\DSYEVX.OBJ
D:\DEV\GIT\BUNDLER-SFM\LIB\CLAPACK\DEBUG\DSYGS2.OBJ
D:\DEV\GIT\BUNDLER-SFM\LIB\CLAPACK\DEBUG\DSYGST.OBJ
D:\DEV\GIT\BUNDLER-SFM\LIB\CLAPACK\DEBUG\DSYGV.OBJ
D:\DEV\GIT\BUNDLER-SFM\LIB\CLAPACK\DEBUG\DSYGVD.OBJ
D:\DEV\GIT\BUNDLER-SFM\LIB\CLAPACK\DEBUG\DSYGVX.OBJ
D:\DEV\GIT\BUNDLER-SFM\LIB\CLAPACK\DEBUG\DSYMM.OBJ
D:\DEV\GIT\BUNDLER-SFM\LIB\CLAPACK\DEBUG\DSYMV.OBJ
D:\DEV\GIT\BUNDLER-SFM\LIB\CLAPACK\DEBUG\DSYR.OBJ
D:\DEV\GIT\BUNDLER-SFM\LIB\CLAPACK\DEBUG\DSYR2.OBJ
D:\DEV\GIT\BUNDLER-SFM\LIB\CLAPACK\DEBUG\DSYR2K.OBJ
D:\DEV\GIT\BUNDLER-SFM\LIB\CLAPACK\DEBUG\DSYRFS.OBJ
D:\DEV\GIT\BUNDLER-SFM\LIB\CLAPACK\DEBUG\DSYRK.OBJ
D:\DEV\GIT\BUNDLER-SFM\LIB\CLAPACK\DEBUG\DSYSV.OBJ
D:\DEV\GIT\BUNDLER-SFM\LIB\CLAPACK\DEBUG\DSYSVX.OBJ
D:\DEV\GIT\BUNDLER-SFM\LIB\CLAPACK\DEBUG\DSYTD2.OBJ
D:\DEV\GIT\BUNDLER-SFM\LIB\CLAPACK\DEBUG\DSYTF2.OBJ
D:\DEV\GIT\BUNDLER-SFM\LIB\CLAPACK\DEBUG\DSYTRD.OBJ
D:\DEV\GIT\BUNDLER-SFM\LIB\CLAPACK\DEBUG\DSYTRF.OBJ
D:\DEV\GIT\BUNDLER-SFM\LIB\CLAPACK\DEBUG\DSYTRI.OBJ
D:\DEV\GIT\BUNDLER-SFM\LIB\CLAPACK\DEBUG\DSYTRS.OBJ
D:\DEV\GIT\BUNDLER-SFM\LIB\CLAPACK\DEBUG\DTBCON.OBJ
D:\DEV\GIT\BUNDLER-SFM\LIB\CLAPACK\DEBUG\DTBMV.OBJ
D:\DEV\GIT\BUNDLER-SFM\LIB\CLAPACK\DEBUG\DTBRFS.OBJ
D:\DEV\GIT\BUNDLER-SFM\LIB\CLAPACK\DEBUG\DTBSV.OBJ
D:\DEV\GIT\BUNDLER-SFM\LIB\CLAPACK\DEBUG\DTBTRS.OBJ
D:\DEV\GIT\BUNDLER-SFM\LIB\CLAPACK\DEBUG\DTGEVC.OBJ
D:\DEV\GIT\BUNDLER-SFM\LIB\CLAPACK\DEBUG\DTGEX2.OBJ
D:\DEV\GIT\BUNDLER-SFM\LIB\CLAPACK\DEBUG\DTGEXC.OBJ
D:\DEV\GIT\BUNDLER-SFM\LIB\CLAPACK\DEBUG\DTGSEN.OBJ
D:\DEV\GIT\BUNDLER-SFM\LIB\CLAPACK\DEBUG\DTGSJA.OBJ
D:\DEV\GIT\BUNDLER-SFM\LIB\CLAPACK\DEBUG\DTGSNA.OBJ
D:\DEV\GIT\BUNDLER-SFM\LIB\CLAPACK\DEBUG\DTGSY2.OBJ
D:\DEV\GIT\BUNDLER-SFM\LIB\CLAPACK\DEBUG\DTGSYL.OBJ
D:\DEV\GIT\BUNDLER-SFM\LIB\CLAPACK\DEBUG\DTPCON.OBJ
D:\DEV\GIT\BUNDLER-SFM\LIB\CLAPACK\DEBUG\DTPMV.OBJ
D:\DEV\GIT\BUNDLER-SFM\LIB\CLAPACK\DEBUG\DTPRFS.OBJ
D:\DEV\GIT\BUNDLER-SFM\LIB\CLAPACK\DEBUG\DTPSV.OBJ
D:\DEV\GIT\BUNDLER-SFM\LIB\CLAPACK\DEBUG\DTPTRI.OBJ
D:\DEV\GIT\BUNDLER-SFM\LIB\CLAPACK\DEBUG\DTPTRS.OBJ
D:\DEV\GIT\BUNDLER-SFM\LIB\CLAPACK\DEBUG\DTRCON.OBJ
D:\DEV\GIT\BUNDLER-SFM\LIB\CLAPACK\DEBUG\DTREVC.OBJ
D:\DEV\GIT\BUNDLER-SFM\LIB\CLAPACK\DEBUG\DTREXC.OBJ
D:\DEV\GIT\BUNDLER-SFM\LIB\CLAPACK\DEBUG\DTRMM.OBJ
D:\DEV\GIT\BUNDLER-SFM\LIB\CLAPACK\DEBUG\DTRMV.OBJ
D:\DEV\GIT\BUNDLER-SFM\LIB\CLAPACK\DEBUG\DTRRFS.OBJ
D:\DEV\GIT\BUNDLER-SFM\LIB\CLAPACK\DEBUG\DTRSEN.OBJ
D:\DEV\GIT\BUNDLER-SFM\LIB\CLAPACK\DEBUG\DTRSM.OBJ
D:\DEV\GIT\BUNDLER-SFM\LIB\CLAPACK\DEBUG\DTRSNA.OBJ
D:\DEV\GIT\BUNDLER-SFM\LIB\CLAPACK\DEBUG\DTRSV.OBJ
D:\DEV\GIT\BUNDLER-SFM\LIB\CLAPACK\DEBUG\DTRSYL.OBJ
D:\DEV\GIT\BUNDLER-SFM\LIB\CLAPACK\DEBUG\DTRTI2.OBJ
D:\DEV\GIT\BUNDLER-SFM\LIB\CLAPACK\DEBUG\DTRTRI.OBJ
D:\DEV\GIT\BUNDLER-SFM\LIB\CLAPACK\DEBUG\DTRTRS.OBJ
D:\DEV\GIT\BUNDLER-SFM\LIB\CLAPACK\DEBUG\DTZRQF.OBJ
D:\DEV\GIT\BUNDLER-SFM\LIB\CLAPACK\DEBUG\DTZRZF.OBJ
D:\DEV\GIT\BUNDLER-SFM\LIB\CLAPACK\DEBUG\DZASUM.OBJ
D:\DEV\GIT\BUNDLER-SFM\LIB\CLAPACK\DEBUG\DZNRM2.OBJ
D:\DEV\GIT\BUNDLER-SFM\LIB\CLAPACK\DEBUG\DZSUM1.OBJ
D:\DEV\GIT\BUNDLER-SFM\LIB\CLAPACK\DEBUG\ICAMAX.OBJ
D:\DEV\GIT\BUNDLER-SFM\LIB\CLAPACK\DEBUG\ICMAX1.OBJ
D:\DEV\GIT\BUNDLER-SFM\LIB\CLAPACK\DEBUG\IDAMAX.OBJ
D:\DEV\GIT\BUNDLER-SFM\LIB\CLAPACK\DEBUG\IEEECK.OBJ
D:\DEV\GIT\BUNDLER-SFM\LIB\CLAPACK\DEBUG\ILAENV.OBJ
D:\DEV\GIT\BUNDLER-SFM\LIB\CLAPACK\DEBUG\ILAVER.OBJ
D:\DEV\GIT\BUNDLER-SFM\LIB\CLAPACK\DEBUG\ILAVER1.OBJ
D:\DEV\GIT\BUNDLER-SFM\LIB\CLAPACK\DEBUG\IPARMQ.OBJ
D:\DEV\GIT\BUNDLER-SFM\LIB\CLAPACK\DEBUG\ISAMAX.OBJ
D:\DEV\GIT\BUNDLER-SFM\LIB\CLAPACK\DEBUG\IZAMAX.OBJ
D:\DEV\GIT\BUNDLER-SFM\LIB\CLAPACK\DEBUG\IZMAX1.OBJ
D:\DEV\GIT\BUNDLER-SFM\LIB\CLAPACK\DEBUG\LAPACK_VERSION.OBJ
D:\DEV\GIT\BUNDLER-SFM\LIB\CLAPACK\DEBUG\LSAME.OBJ
D:\DEV\GIT\BUNDLER-SFM\LIB\CLAPACK\DEBUG\LSAME1.OBJ
D:\DEV\GIT\BUNDLER-SFM\LIB\CLAPACK\DEBUG\LSAMEN.OBJ
D:\DEV\GIT\BUNDLER-SFM\LIB\CLAPACK\DEBUG\LSAMETST.OBJ
D:\DEV\GIT\BUNDLER-SFM\LIB\CLAPACK\DEBUG\TSTIEE.OBJ
D:\DEV\GIT\BUNDLER-SFM\LIB\CLAPACK\DEBUG\VC100.PDB
D:\DEV\GIT\BUNDLER-SFM\LIB\CLAPACK\DEBUG\XERBLA.OBJ
D:\DEV\GIT\BUNDLER-SFM\LIB\CLAPACK\DEBUG\XERBLA1.OBJ
D:\DEV\GIT\BUNDLER-SFM\VC++\DEBUG\CLAPACK.LIB
D:\dev\git\bundler-sfm-vs\lib\clapack\Debug\cl.command.1.tlog
D:\dev\git\bundler-sfm-vs\lib\clapack\Debug\CL.read.1.tlog
D:\dev\git\bundler-sfm-vs\lib\clapack\Debug\CL.write.1.tlog
D:\dev\git\bundler-sfm-vs\lib\clapack\Debug\clapack.write.1.tlog
D:\dev\git\bundler-sfm-vs\lib\clapack\Debug\dasum.obj
D:\dev\git\bundler-sfm-vs\lib\clapack\Debug\daxpy.obj
D:\dev\git\bundler-sfm-vs\lib\clapack\Debug\dbdsdc.obj
D:\dev\git\bundler-sfm-vs\lib\clapack\Debug\dbdsqr.obj
D:\dev\git\bundler-sfm-vs\lib\clapack\Debug\dcabs1.obj
D:\dev\git\bundler-sfm-vs\lib\clapack\Debug\dcopy.obj
D:\dev\git\bundler-sfm-vs\lib\clapack\Debug\ddisna.obj
D:\dev\git\bundler-sfm-vs\lib\clapack\Debug\ddot.obj
D:\dev\git\bundler-sfm-vs\lib\clapack\Debug\dgbbrd.obj
D:\dev\git\bundler-sfm-vs\lib\clapack\Debug\dgbcon.obj
D:\dev\git\bundler-sfm-vs\lib\clapack\Debug\dgbequ.obj
D:\dev\git\bundler-sfm-vs\lib\clapack\Debug\dgbmv.obj
D:\dev\git\bundler-sfm-vs\lib\clapack\Debug\dgbrfs.obj
D:\dev\git\bundler-sfm-vs\lib\clapack\Debug\dgbsv.obj
D:\dev\git\bundler-sfm-vs\lib\clapack\Debug\dgbsvx.obj
D:\dev\git\bundler-sfm-vs\lib\clapack\Debug\dgbtf2.obj
D:\dev\git\bundler-sfm-vs\lib\clapack\Debug\dgbtrf.obj
D:\dev\git\bundler-sfm-vs\lib\clapack\Debug\dgbtrs.obj
D:\dev\git\bundler-sfm-vs\lib\clapack\Debug\dgebak.obj
D:\dev\git\bundler-sfm-vs\lib\clapack\Debug\dgebal.obj
D:\dev\git\bundler-sfm-vs\lib\clapack\Debug\dgebd2.obj
D:\dev\git\bundler-sfm-vs\lib\clapack\Debug\dgebrd.obj
D:\dev\git\bundler-sfm-vs\lib\clapack\Debug\dgecon.obj
D:\dev\git\bundler-sfm-vs\lib\clapack\Debug\dgeequ.obj
D:\dev\git\bundler-sfm-vs\lib\clapack\Debug\dgees.obj
D:\dev\git\bundler-sfm-vs\lib\clapack\Debug\dgeesx.obj
D:\dev\git\bundler-sfm-vs\lib\clapack\Debug\dgeev.obj
D:\dev\git\bundler-sfm-vs\lib\clapack\Debug\dgeevx.obj
D:\dev\git\bundler-sfm-vs\lib\clapack\Debug\dgegs.obj
D:\dev\git\bundler-sfm-vs\lib\clapack\Debug\dgegv.obj
D:\dev\git\bundler-sfm-vs\lib\clapack\Debug\dgehd2.obj
D:\dev\git\bundler-sfm-vs\lib\clapack\Debug\dgehrd.obj
D:\dev\git\bundler-sfm-vs\lib\clapack\Debug\dgelq2.obj
D:\dev\git\bundler-sfm-vs\lib\clapack\Debug\dgelqf.obj
D:\dev\git\bundler-sfm-vs\lib\clapack\Debug\dgels.obj
D:\dev\git\bundler-sfm-vs\lib\clapack\Debug\dgelsd.obj
D:\dev\git\bundler-sfm-vs\lib\clapack\Debug\dgelss.obj
D:\dev\git\bundler-sfm-vs\lib\clapack\Debug\dgelsx.obj
D:\dev\git\bundler-sfm-vs\lib\clapack\Debug\dgelsy.obj
D:\dev\git\bundler-sfm-vs\lib\clapack\Debug\dgemm.obj
D:\dev\git\bundler-sfm-vs\lib\clapack\Debug\dgemv.obj
D:\dev\git\bundler-sfm-vs\lib\clapack\Debug\dgeql2.obj
D:\dev\git\bundler-sfm-vs\lib\clapack\Debug\dgeqlf.obj
D:\dev\git\bundler-sfm-vs\lib\clapack\Debug\dgeqp3.obj
D:\dev\git\bundler-sfm-vs\lib\clapack\Debug\dgeqpf.obj
D:\dev\git\bundler-sfm-vs\lib\clapack\Debug\dgeqr2.obj
D:\dev\git\bundler-sfm-vs\lib\clapack\Debug\dgeqrf.obj
D:\dev\git\bundler-sfm-vs\lib\clapack\Debug\dger.obj
D:\dev\git\bundler-sfm-vs\lib\clapack\Debug\dgerfs.obj
D:\dev\git\bundler-sfm-vs\lib\clapack\Debug\dgerq2.obj
D:\dev\git\bundler-sfm-vs\lib\clapack\Debug\dgerqf.obj
D:\dev\git\bundler-sfm-vs\lib\clapack\Debug\dgesc2.obj
D:\dev\git\bundler-sfm-vs\lib\clapack\Debug\dgesdd.obj
D:\dev\git\bundler-sfm-vs\lib\clapack\Debug\dgesv.obj
D:\dev\git\bundler-sfm-vs\lib\clapack\Debug\dgesvd.obj
D:\dev\git\bundler-sfm-vs\lib\clapack\Debug\dgesvx.obj
D:\dev\git\bundler-sfm-vs\lib\clapack\Debug\dgetc2.obj
D:\dev\git\bundler-sfm-vs\lib\clapack\Debug\dgetf2.obj
D:\dev\git\bundler-sfm-vs\lib\clapack\Debug\dgetrf.obj
D:\dev\git\bundler-sfm-vs\lib\clapack\Debug\dgetri.obj
D:\dev\git\bundler-sfm-vs\lib\clapack\Debug\dgetrs.obj
D:\dev\git\bundler-sfm-vs\lib\clapack\Debug\dggbak.obj
D:\dev\git\bundler-sfm-vs\lib\clapack\Debug\dggbal.obj
D:\dev\git\bundler-sfm-vs\lib\clapack\Debug\dgges.obj
D:\dev\git\bundler-sfm-vs\lib\clapack\Debug\dggesx.obj
D:\dev\git\bundler-sfm-vs\lib\clapack\Debug\dggev.obj
D:\dev\git\bundler-sfm-vs\lib\clapack\Debug\dggevx.obj
D:\dev\git\bundler-sfm-vs\lib\clapack\Debug\dggglm.obj
D:\dev\git\bundler-sfm-vs\lib\clapack\Debug\dgghrd.obj
D:\dev\git\bundler-sfm-vs\lib\clapack\Debug\dgglse.obj
D:\dev\git\bundler-sfm-vs\lib\clapack\Debug\dggqrf.obj
D:\dev\git\bundler-sfm-vs\lib\clapack\Debug\dggrqf.obj
D:\dev\git\bundler-sfm-vs\lib\clapack\Debug\dggsvd.obj
D:\dev\git\bundler-sfm-vs\lib\clapack\Debug\dggsvp.obj
D:\dev\git\bundler-sfm-vs\lib\clapack\Debug\dgtcon.obj
D:\dev\git\bundler-sfm-vs\lib\clapack\Debug\dgtrfs.obj
D:\dev\git\bundler-sfm-vs\lib\clapack\Debug\dgtsv.obj
D:\dev\git\bundler-sfm-vs\lib\clapack\Debug\dgtsvx.obj
D:\dev\git\bundler-sfm-vs\lib\clapack\Debug\dgttrf.obj
D:\dev\git\bundler-sfm-vs\lib\clapack\Debug\dgttrs.obj
D:\dev\git\bundler-sfm-vs\lib\clapack\Debug\dgtts2.obj
D:\dev\git\bundler-sfm-vs\lib\clapack\Debug\dhgeqz.obj
D:\dev\git\bundler-sfm-vs\lib\clapack\Debug\dhsein.obj
D:\dev\git\bundler-sfm-vs\lib\clapack\Debug\dhseqr.obj
D:\dev\git\bundler-sfm-vs\lib\clapack\Debug\disnan.obj
D:\dev\git\bundler-sfm-vs\lib\clapack\Debug\dlabad.obj
D:\dev\git\bundler-sfm-vs\lib\clapack\Debug\dlabrd.obj
D:\dev\git\bundler-sfm-vs\lib\clapack\Debug\dlacn2.obj
D:\dev\git\bundler-sfm-vs\lib\clapack\Debug\dlacon.obj
D:\dev\git\bundler-sfm-vs\lib\clapack\Debug\dlacpy.obj
D:\dev\git\bundler-sfm-vs\lib\clapack\Debug\dladiv.obj
D:\dev\git\bundler-sfm-vs\lib\clapack\Debug\dlae2.obj
D:\dev\git\bundler-sfm-vs\lib\clapack\Debug\dlaebz.obj
D:\dev\git\bundler-sfm-vs\lib\clapack\Debug\dlaed0.obj
D:\dev\git\bundler-sfm-vs\lib\clapack\Debug\dlaed1.obj
D:\dev\git\bundler-sfm-vs\lib\clapack\Debug\dlaed2.obj
D:\dev\git\bundler-sfm-vs\lib\clapack\Debug\dlaed3.obj
D:\dev\git\bundler-sfm-vs\lib\clapack\Debug\dlaed4.obj
D:\dev\git\bundler-sfm-vs\lib\clapack\Debug\dlaed5.obj
D:\dev\git\bundler-sfm-vs\lib\clapack\Debug\dlaed6.obj
D:\dev\git\bundler-sfm-vs\lib\clapack\Debug\dlaed7.obj
D:\dev\git\bundler-sfm-vs\lib\clapack\Debug\dlaed8.obj
D:\dev\git\bundler-sfm-vs\lib\clapack\Debug\dlaed9.obj
D:\dev\git\bundler-sfm-vs\lib\clapack\Debug\dlaeda.obj
D:\dev\git\bundler-sfm-vs\lib\clapack\Debug\dlaein.obj
D:\dev\git\bundler-sfm-vs\lib\clapack\Debug\dlaev2.obj
D:\dev\git\bundler-sfm-vs\lib\clapack\Debug\dlaexc.obj
D:\dev\git\bundler-sfm-vs\lib\clapack\Debug\dlag2.obj
D:\dev\git\bundler-sfm-vs\lib\clapack\Debug\dlag2s.obj
D:\dev\git\bundler-sfm-vs\lib\clapack\Debug\dlags2.obj
D:\dev\git\bundler-sfm-vs\lib\clapack\Debug\dlagtf.obj
D:\dev\git\bundler-sfm-vs\lib\clapack\Debug\dlagtm.obj
D:\dev\git\bundler-sfm-vs\lib\clapack\Debug\dlagts.obj
D:\dev\git\bundler-sfm-vs\lib\clapack\Debug\dlagv2.obj
D:\dev\git\bundler-sfm-vs\lib\clapack\Debug\dlahqr.obj
D:\dev\git\bundler-sfm-vs\lib\clapack\Debug\dlahr2.obj
D:\dev\git\bundler-sfm-vs\lib\clapack\Debug\dlahrd.obj
D:\dev\git\bundler-sfm-vs\lib\clapack\Debug\dlaic1.obj
D:\dev\git\bundler-sfm-vs\lib\clapack\Debug\dlaisnan.obj
D:\dev\git\bundler-sfm-vs\lib\clapack\Debug\dlaln2.obj
D:\dev\git\bundler-sfm-vs\lib\clapack\Debug\dlals0.obj
D:\dev\git\bundler-sfm-vs\lib\clapack\Debug\dlalsa.obj
D:\dev\git\bundler-sfm-vs\lib\clapack\Debug\dlalsd.obj
D:\dev\git\bundler-sfm-vs\lib\clapack\Debug\dlamch.obj
D:\dev\git\bundler-sfm-vs\lib\clapack\Debug\dlamchtst.obj
D:\dev\git\bundler-sfm-vs\lib\clapack\Debug\dlamrg.obj
D:\dev\git\bundler-sfm-vs\lib\clapack\Debug\dlaneg.obj
D:\dev\git\bundler-sfm-vs\lib\clapack\Debug\dlangb.obj
D:\dev\git\bundler-sfm-vs\lib\clapack\Debug\dlange.obj
D:\dev\git\bundler-sfm-vs\lib\clapack\Debug\dlangt.obj
D:\dev\git\bundler-sfm-vs\lib\clapack\Debug\dlanhs.obj
D:\dev\git\bundler-sfm-vs\lib\clapack\Debug\dlansb.obj
D:\dev\git\bundler-sfm-vs\lib\clapack\Debug\dlansp.obj
D:\dev\git\bundler-sfm-vs\lib\clapack\Debug\dlanst.obj
D:\dev\git\bundler-sfm-vs\lib\clapack\Debug\dlansy.obj
D:\dev\git\bundler-sfm-vs\lib\clapack\Debug\dlantb.obj
D:\dev\git\bundler-sfm-vs\lib\clapack\Debug\dlantp.obj
D:\dev\git\bundler-sfm-vs\lib\clapack\Debug\dlantr.obj
D:\dev\git\bundler-sfm-vs\lib\clapack\Debug\dlanv2.obj
D:\dev\git\bundler-sfm-vs\lib\clapack\Debug\dlapll.obj
D:\dev\git\bundler-sfm-vs\lib\clapack\Debug\dlapmt.obj
D:\dev\git\bundler-sfm-vs\lib\clapack\Debug\dlapy2.obj
D:\dev\git\bundler-sfm-vs\lib\clapack\Debug\dlapy3.obj
D:\dev\git\bundler-sfm-vs\lib\clapack\Debug\dlaqgb.obj
D:\dev\git\bundler-sfm-vs\lib\clapack\Debug\dlaqge.obj
D:\dev\git\bundler-sfm-vs\lib\clapack\Debug\dlaqp2.obj
D:\dev\git\bundler-sfm-vs\lib\clapack\Debug\dlaqps.obj
D:\dev\git\bundler-sfm-vs\lib\clapack\Debug\dlaqr0.obj
D:\dev\git\bundler-sfm-vs\lib\clapack\Debug\dlaqr1.obj
D:\dev\git\bundler-sfm-vs\lib\clapack\Debug\dlaqr2.obj
D:\dev\git\bundler-sfm-vs\lib\clapack\Debug\dlaqr3.obj
D:\dev\git\bundler-sfm-vs\lib\clapack\Debug\dlaqr4.obj
D:\dev\git\bundler-sfm-vs\lib\clapack\Debug\dlaqr5.obj
D:\dev\git\bundler-sfm-vs\lib\clapack\Debug\dlaqsb.obj
D:\dev\git\bundler-sfm-vs\lib\clapack\Debug\dlaqsp.obj
D:\dev\git\bundler-sfm-vs\lib\clapack\Debug\dlaqsy.obj
D:\dev\git\bundler-sfm-vs\lib\clapack\Debug\dlaqtr.obj
D:\dev\git\bundler-sfm-vs\lib\clapack\Debug\dlar1v.obj
D:\dev\git\bundler-sfm-vs\lib\clapack\Debug\dlar2v.obj
D:\dev\git\bundler-sfm-vs\lib\clapack\Debug\dlarf.obj
D:\dev\git\bundler-sfm-vs\lib\clapack\Debug\dlarfb.obj
D:\dev\git\bundler-sfm-vs\lib\clapack\Debug\dlarfg.obj
D:\dev\git\bundler-sfm-vs\lib\clapack\Debug\dlarft.obj
D:\dev\git\bundler-sfm-vs\lib\clapack\Debug\dlarfx.obj
D:\dev\git\bundler-sfm-vs\lib\clapack\Debug\dlargv.obj
D:\dev\git\bundler-sfm-vs\lib\clapack\Debug\dlarnv.obj
D:\dev\git\bundler-sfm-vs\lib\clapack\Debug\dlarra.obj
D:\dev\git\bundler-sfm-vs\lib\clapack\Debug\dlarrb.obj
D:\dev\git\bundler-sfm-vs\lib\clapack\Debug\dlarrc.obj
D:\dev\git\bundler-sfm-vs\lib\clapack\Debug\dlarrd.obj
D:\dev\git\bundler-sfm-vs\lib\clapack\Debug\dlarre.obj
D:\dev\git\bundler-sfm-vs\lib\clapack\Debug\dlarrf.obj
D:\dev\git\bundler-sfm-vs\lib\clapack\Debug\dlarrj.obj
D:\dev\git\bundler-sfm-vs\lib\clapack\Debug\dlarrk.obj
D:\dev\git\bundler-sfm-vs\lib\clapack\Debug\dlarrr.obj
D:\dev\git\bundler-sfm-vs\lib\clapack\Debug\dlarrv.obj
D:\dev\git\bundler-sfm-vs\lib\clapack\Debug\dlartg.obj
D:\dev\git\bundler-sfm-vs\lib\clapack\Debug\dlartv.obj
D:\dev\git\bundler-sfm-vs\lib\clapack\Debug\dlaruv.obj
D:\dev\git\bundler-sfm-vs\lib\clapack\Debug\dlarz.obj
D:\dev\git\bundler-sfm-vs\lib\clapack\Debug\dlarzb.obj
D:\dev\git\bundler-sfm-vs\lib\clapack\Debug\dlarzt.obj
D:\dev\git\bundler-sfm-vs\lib\clapack\Debug\dlas2.obj
D:\dev\git\bundler-sfm-vs\lib\clapack\Debug\dlascl.obj
D:\dev\git\bundler-sfm-vs\lib\clapack\Debug\dlasd0.obj
D:\dev\git\bundler-sfm-vs\lib\clapack\Debug\dlasd1.obj
D:\dev\git\bundler-sfm-vs\lib\clapack\Debug\dlasd2.obj
D:\dev\git\bundler-sfm-vs\lib\clapack\Debug\dlasd3.obj
D:\dev\git\bundler-sfm-vs\lib\clapack\Debug\dlasd4.obj
D:\dev\git\bundler-sfm-vs\lib\clapack\Debug\dlasd5.obj
D:\dev\git\bundler-sfm-vs\lib\clapack\Debug\dlasd6.obj
D:\dev\git\bundler-sfm-vs\lib\clapack\Debug\dlasd7.obj
D:\dev\git\bundler-sfm-vs\lib\clapack\Debug\dlasd8.obj
D:\dev\git\bundler-sfm-vs\lib\clapack\Debug\dlasda.obj
D:\dev\git\bundler-sfm-vs\lib\clapack\Debug\dlasdq.obj
D:\dev\git\bundler-sfm-vs\lib\clapack\Debug\dlasdt.obj
D:\dev\git\bundler-sfm-vs\lib\clapack\Debug\dlaset.obj
D:\dev\git\bundler-sfm-vs\lib\clapack\Debug\dlasq1.obj
D:\dev\git\bundler-sfm-vs\lib\clapack\Debug\dlasq2.obj
D:\dev\git\bundler-sfm-vs\lib\clapack\Debug\dlasq3.obj
D:\dev\git\bundler-sfm-vs\lib\clapack\Debug\dlasq4.obj
D:\dev\git\bundler-sfm-vs\lib\clapack\Debug\dlasq5.obj
D:\dev\git\bundler-sfm-vs\lib\clapack\Debug\dlasq6.obj
D:\dev\git\bundler-sfm-vs\lib\clapack\Debug\dlasr.obj
D:\dev\git\bundler-sfm-vs\lib\clapack\Debug\dlasrt.obj
D:\dev\git\bundler-sfm-vs\lib\clapack\Debug\dlassq.obj
D:\dev\git\bundler-sfm-vs\lib\clapack\Debug\dlasv2.obj
D:\dev\git\bundler-sfm-vs\lib\clapack\Debug\dlaswp.obj
D:\dev\git\bundler-sfm-vs\lib\clapack\Debug\dlasy2.obj
D:\dev\git\bundler-sfm-vs\lib\clapack\Debug\dlasyf.obj
D:\dev\git\bundler-sfm-vs\lib\clapack\Debug\dlatbs.obj
D:\dev\git\bundler-sfm-vs\lib\clapack\Debug\dlatdf.obj
D:\dev\git\bundler-sfm-vs\lib\clapack\Debug\dlatps.obj
D:\dev\git\bundler-sfm-vs\lib\clapack\Debug\dlatrd.obj
D:\dev\git\bundler-sfm-vs\lib\clapack\Debug\dlatrs.obj
D:\dev\git\bundler-sfm-vs\lib\clapack\Debug\dlatrz.obj
D:\dev\git\bundler-sfm-vs\lib\clapack\Debug\dlatzm.obj
D:\dev\git\bundler-sfm-vs\lib\clapack\Debug\dlauu2.obj
D:\dev\git\bundler-sfm-vs\lib\clapack\Debug\dlauum.obj
D:\dev\git\bundler-sfm-vs\lib\clapack\Debug\dlazq3.obj
D:\dev\git\bundler-sfm-vs\lib\clapack\Debug\dlazq4.obj
D:\dev\git\bundler-sfm-vs\lib\clapack\Debug\dnrm2.obj
D:\dev\git\bundler-sfm-vs\lib\clapack\Debug\dopgtr.obj
D:\dev\git\bundler-sfm-vs\lib\clapack\Debug\dopmtr.obj
D:\dev\git\bundler-sfm-vs\lib\clapack\Debug\dorg2l.obj
D:\dev\git\bundler-sfm-vs\lib\clapack\Debug\dorg2r.obj
D:\dev\git\bundler-sfm-vs\lib\clapack\Debug\dorgbr.obj
D:\dev\git\bundler-sfm-vs\lib\clapack\Debug\dorghr.obj
D:\dev\git\bundler-sfm-vs\lib\clapack\Debug\dorgl2.obj
D:\dev\git\bundler-sfm-vs\lib\clapack\Debug\dorglq.obj
D:\dev\git\bundler-sfm-vs\lib\clapack\Debug\dorgql.obj
D:\dev\git\bundler-sfm-vs\lib\clapack\Debug\dorgqr.obj
D:\dev\git\bundler-sfm-vs\lib\clapack\Debug\dorgr2.obj
D:\dev\git\bundler-sfm-vs\lib\clapack\Debug\dorgrq.obj
D:\dev\git\bundler-sfm-vs\lib\clapack\Debug\dorgtr.obj
D:\dev\git\bundler-sfm-vs\lib\clapack\Debug\dorm2l.obj
D:\dev\git\bundler-sfm-vs\lib\clapack\Debug\dorm2r.obj
D:\dev\git\bundler-sfm-vs\lib\clapack\Debug\dormbr.obj
D:\dev\git\bundler-sfm-vs\lib\clapack\Debug\dormhr.obj
D:\dev\git\bundler-sfm-vs\lib\clapack\Debug\dorml2.obj
D:\dev\git\bundler-sfm-vs\lib\clapack\Debug\dormlq.obj
D:\dev\git\bundler-sfm-vs\lib\clapack\Debug\dormql.obj
D:\dev\git\bundler-sfm-vs\lib\clapack\Debug\dormqr.obj
D:\dev\git\bundler-sfm-vs\lib\clapack\Debug\dormr2.obj
D:\dev\git\bundler-sfm-vs\lib\clapack\Debug\dormr3.obj
D:\dev\git\bundler-sfm-vs\lib\clapack\Debug\dormrq.obj
D:\dev\git\bundler-sfm-vs\lib\clapack\Debug\dormrz.obj
D:\dev\git\bundler-sfm-vs\lib\clapack\Debug\dormtr.obj
D:\dev\git\bundler-sfm-vs\lib\clapack\Debug\dpbcon.obj
D:\dev\git\bundler-sfm-vs\lib\clapack\Debug\dpbequ.obj
D:\dev\git\bundler-sfm-vs\lib\clapack\Debug\dpbrfs.obj
D:\dev\git\bundler-sfm-vs\lib\clapack\Debug\dpbstf.obj
D:\dev\git\bundler-sfm-vs\lib\clapack\Debug\dpbsv.obj
D:\dev\git\bundler-sfm-vs\lib\clapack\Debug\dpbsvx.obj
D:\dev\git\bundler-sfm-vs\lib\clapack\Debug\dpbtf2.obj
D:\dev\git\bundler-sfm-vs\lib\clapack\Debug\dpbtrf.obj
D:\dev\git\bundler-sfm-vs\lib\clapack\Debug\dpbtrs.obj
D:\dev\git\bundler-sfm-vs\lib\clapack\Debug\dpocon.obj
D:\dev\git\bundler-sfm-vs\lib\clapack\Debug\dpoequ.obj
D:\dev\git\bundler-sfm-vs\lib\clapack\Debug\dporfs.obj
D:\dev\git\bundler-sfm-vs\lib\clapack\Debug\dposv.obj
D:\dev\git\bundler-sfm-vs\lib\clapack\Debug\dposvx.obj
D:\dev\git\bundler-sfm-vs\lib\clapack\Debug\dpotf2.obj
D:\dev\git\bundler-sfm-vs\lib\clapack\Debug\dpotrf.obj
D:\dev\git\bundler-sfm-vs\lib\clapack\Debug\dpotri.obj
D:\dev\git\bundler-sfm-vs\lib\clapack\Debug\dpotrs.obj
D:\dev\git\bundler-sfm-vs\lib\clapack\Debug\dppcon.obj
D:\dev\git\bundler-sfm-vs\lib\clapack\Debug\dppequ.obj
D:\dev\git\bundler-sfm-vs\lib\clapack\Debug\dpprfs.obj
D:\dev\git\bundler-sfm-vs\lib\clapack\Debug\dppsv.obj
D:\dev\git\bundler-sfm-vs\lib\clapack\Debug\dppsvx.obj
D:\dev\git\bundler-sfm-vs\lib\clapack\Debug\dpptrf.obj
D:\dev\git\bundler-sfm-vs\lib\clapack\Debug\dpptri.obj
D:\dev\git\bundler-sfm-vs\lib\clapack\Debug\dpptrs.obj
D:\dev\git\bundler-sfm-vs\lib\clapack\Debug\dptcon.obj
D:\dev\git\bundler-sfm-vs\lib\clapack\Debug\dpteqr.obj
D:\dev\git\bundler-sfm-vs\lib\clapack\Debug\dptrfs.obj
D:\dev\git\bundler-sfm-vs\lib\clapack\Debug\dptsv.obj
D:\dev\git\bundler-sfm-vs\lib\clapack\Debug\dptsvx.obj
D:\dev\git\bundler-sfm-vs\lib\clapack\Debug\dpttrf.obj
D:\dev\git\bundler-sfm-vs\lib\clapack\Debug\dpttrs.obj
D:\dev\git\bundler-sfm-vs\lib\clapack\Debug\dptts2.obj
D:\dev\git\bundler-sfm-vs\lib\clapack\Debug\drot.obj
D:\dev\git\bundler-sfm-vs\lib\clapack\Debug\drotg.obj
D:\dev\git\bundler-sfm-vs\lib\clapack\Debug\drotm.obj
D:\dev\git\bundler-sfm-vs\lib\clapack\Debug\drotmg.obj
D:\dev\git\bundler-sfm-vs\lib\clapack\Debug\drscl.obj
D:\dev\git\bundler-sfm-vs\lib\clapack\Debug\dsbev.obj
D:\dev\git\bundler-sfm-vs\lib\clapack\Debug\dsbevd.obj
D:\dev\git\bundler-sfm-vs\lib\clapack\Debug\dsbevx.obj
D:\dev\git\bundler-sfm-vs\lib\clapack\Debug\dsbgst.obj
D:\dev\git\bundler-sfm-vs\lib\clapack\Debug\dsbgv.obj
D:\dev\git\bundler-sfm-vs\lib\clapack\Debug\dsbgvd.obj
D:\dev\git\bundler-sfm-vs\lib\clapack\Debug\dsbgvx.obj
D:\dev\git\bundler-sfm-vs\lib\clapack\Debug\dsbmv.obj
D:\dev\git\bundler-sfm-vs\lib\clapack\Debug\dsbtrd.obj
D:\dev\git\bundler-sfm-vs\lib\clapack\Debug\dscal.obj
D:\dev\git\bundler-sfm-vs\lib\clapack\Debug\dsdot.obj
D:\dev\git\bundler-sfm-vs\lib\clapack\Debug\dsecndtst.obj
D:\dev\git\bundler-sfm-vs\lib\clapack\Debug\dsgesv.obj
D:\dev\git\bundler-sfm-vs\lib\clapack\Debug\dspcon.obj
D:\dev\git\bundler-sfm-vs\lib\clapack\Debug\dspev.obj
D:\dev\git\bundler-sfm-vs\lib\clapack\Debug\dspevd.obj
D:\dev\git\bundler-sfm-vs\lib\clapack\Debug\dspevx.obj
D:\dev\git\bundler-sfm-vs\lib\clapack\Debug\dspgst.obj
D:\dev\git\bundler-sfm-vs\lib\clapack\Debug\dspgv.obj
D:\dev\git\bundler-sfm-vs\lib\clapack\Debug\dspgvd.obj
D:\dev\git\bundler-sfm-vs\lib\clapack\Debug\dspgvx.obj
D:\dev\git\bundler-sfm-vs\lib\clapack\Debug\dspmv.obj
D:\dev\git\bundler-sfm-vs\lib\clapack\Debug\dspr.obj
D:\dev\git\bundler-sfm-vs\lib\clapack\Debug\dspr2.obj
D:\dev\git\bundler-sfm-vs\lib\clapack\Debug\dsprfs.obj
D:\dev\git\bundler-sfm-vs\lib\clapack\Debug\dspsv.obj
D:\dev\git\bundler-sfm-vs\lib\clapack\Debug\dspsvx.obj
D:\dev\git\bundler-sfm-vs\lib\clapack\Debug\dsptrd.obj
D:\dev\git\bundler-sfm-vs\lib\clapack\Debug\dsptrf.obj
D:\dev\git\bundler-sfm-vs\lib\clapack\Debug\dsptri.obj
D:\dev\git\bundler-sfm-vs\lib\clapack\Debug\dsptrs.obj
D:\dev\git\bundler-sfm-vs\lib\clapack\Debug\dstebz.obj
D:\dev\git\bundler-sfm-vs\lib\clapack\Debug\dstedc.obj
D:\dev\git\bundler-sfm-vs\lib\clapack\Debug\dstegr.obj
D:\dev\git\bundler-sfm-vs\lib\clapack\Debug\dstein.obj
D:\dev\git\bundler-sfm-vs\lib\clapack\Debug\dstemr.obj
D:\dev\git\bundler-sfm-vs\lib\clapack\Debug\dsteqr.obj
D:\dev\git\bundler-sfm-vs\lib\clapack\Debug\dsterf.obj
D:\dev\git\bundler-sfm-vs\lib\clapack\Debug\dstev.obj
D:\dev\git\bundler-sfm-vs\lib\clapack\Debug\dstevd.obj
D:\dev\git\bundler-sfm-vs\lib\clapack\Debug\dstevr.obj
D:\dev\git\bundler-sfm-vs\lib\clapack\Debug\dstevx.obj
D:\dev\git\bundler-sfm-vs\lib\clapack\Debug\dswap.obj
D:\dev\git\bundler-sfm-vs\lib\clapack\Debug\dsycon.obj
D:\dev\git\bundler-sfm-vs\lib\clapack\Debug\dsyev.obj
D:\dev\git\bundler-sfm-vs\lib\clapack\Debug\dsyevd.obj
D:\dev\git\bundler-sfm-vs\lib\clapack\Debug\dsyevr.obj
D:\dev\git\bundler-sfm-vs\lib\clapack\Debug\dsyevx.obj
D:\dev\git\bundler-sfm-vs\lib\clapack\Debug\dsygs2.obj
D:\dev\git\bundler-sfm-vs\lib\clapack\Debug\dsygst.obj
D:\dev\git\bundler-sfm-vs\lib\clapack\Debug\dsygv.obj
D:\dev\git\bundler-sfm-vs\lib\clapack\Debug\dsygvd.obj
D:\dev\git\bundler-sfm-vs\lib\clapack\Debug\dsygvx.obj
D:\dev\git\bundler-sfm-vs\lib\clapack\Debug\dsymm.obj
D:\dev\git\bundler-sfm-vs\lib\clapack\Debug\dsymv.obj
D:\dev\git\bundler-sfm-vs\lib\clapack\Debug\dsyr.obj
D:\dev\git\bundler-sfm-vs\lib\clapack\Debug\dsyr2.obj
D:\dev\git\bundler-sfm-vs\lib\clapack\Debug\dsyr2k.obj
D:\dev\git\bundler-sfm-vs\lib\clapack\Debug\dsyrfs.obj
D:\dev\git\bundler-sfm-vs\lib\clapack\Debug\dsyrk.obj
D:\dev\git\bundler-sfm-vs\lib\clapack\Debug\dsysv.obj
D:\dev\git\bundler-sfm-vs\lib\clapack\Debug\dsysvx.obj
D:\dev\git\bundler-sfm-vs\lib\clapack\Debug\dsytd2.obj
D:\dev\git\bundler-sfm-vs\lib\clapack\Debug\dsytf2.obj
D:\dev\git\bundler-sfm-vs\lib\clapack\Debug\dsytrd.obj
D:\dev\git\bundler-sfm-vs\lib\clapack\Debug\dsytrf.obj
D:\dev\git\bundler-sfm-vs\lib\clapack\Debug\dsytri.obj
D:\dev\git\bundler-sfm-vs\lib\clapack\Debug\dsytrs.obj
D:\dev\git\bundler-sfm-vs\lib\clapack\Debug\dtbcon.obj
D:\dev\git\bundler-sfm-vs\lib\clapack\Debug\dtbmv.obj
D:\dev\git\bundler-sfm-vs\lib\clapack\Debug\dtbrfs.obj
D:\dev\git\bundler-sfm-vs\lib\clapack\Debug\dtbsv.obj
D:\dev\git\bundler-sfm-vs\lib\clapack\Debug\dtbtrs.obj
D:\dev\git\bundler-sfm-vs\lib\clapack\Debug\dtgevc.obj
D:\dev\git\bundler-sfm-vs\lib\clapack\Debug\dtgex2.obj
D:\dev\git\bundler-sfm-vs\lib\clapack\Debug\dtgexc.obj
D:\dev\git\bundler-sfm-vs\lib\clapack\Debug\dtgsen.obj
D:\dev\git\bundler-sfm-vs\lib\clapack\Debug\dtgsja.obj
D:\dev\git\bundler-sfm-vs\lib\clapack\Debug\dtgsna.obj
D:\dev\git\bundler-sfm-vs\lib\clapack\Debug\dtgsy2.obj
D:\dev\git\bundler-sfm-vs\lib\clapack\Debug\dtgsyl.obj
D:\dev\git\bundler-sfm-vs\lib\clapack\Debug\dtpcon.obj
D:\dev\git\bundler-sfm-vs\lib\clapack\Debug\dtpmv.obj
D:\dev\git\bundler-sfm-vs\lib\clapack\Debug\dtprfs.obj
D:\dev\git\bundler-sfm-vs\lib\clapack\Debug\dtpsv.obj
D:\dev\git\bundler-sfm-vs\lib\clapack\Debug\dtptri.obj
D:\dev\git\bundler-sfm-vs\lib\clapack\Debug\dtptrs.obj
D:\dev\git\bundler-sfm-vs\lib\clapack\Debug\dtrcon.obj
D:\dev\git\bundler-sfm-vs\lib\clapack\Debug\dtrevc.obj
D:\dev\git\bundler-sfm-vs\lib\clapack\Debug\dtrexc.obj
D:\dev\git\bundler-sfm-vs\lib\clapack\Debug\dtrmm.obj
D:\dev\git\bundler-sfm-vs\lib\clapack\Debug\dtrmv.obj
D:\dev\git\bundler-sfm-vs\lib\clapack\Debug\dtrrfs.obj
D:\dev\git\bundler-sfm-vs\lib\clapack\Debug\dtrsen.obj
D:\dev\git\bundler-sfm-vs\lib\clapack\Debug\dtrsm.obj
D:\dev\git\bundler-sfm-vs\lib\clapack\Debug\dtrsna.obj
D:\dev\git\bundler-sfm-vs\lib\clapack\Debug\dtrsv.obj
D:\dev\git\bundler-sfm-vs\lib\clapack\Debug\dtrsyl.obj
D:\dev\git\bundler-sfm-vs\lib\clapack\Debug\dtrti2.obj
D:\dev\git\bundler-sfm-vs\lib\clapack\Debug\dtrtri.obj
D:\dev\git\bundler-sfm-vs\lib\clapack\Debug\dtrtrs.obj
D:\dev\git\bundler-sfm-vs\lib\clapack\Debug\dtzrqf.obj
D:\dev\git\bundler-sfm-vs\lib\clapack\Debug\dtzrzf.obj
D:\dev\git\bundler-sfm-vs\lib\clapack\Debug\dzasum.obj
D:\dev\git\bundler-sfm-vs\lib\clapack\Debug\dznrm2.obj
D:\dev\git\bundler-sfm-vs\lib\clapack\Debug\dzsum1.obj
D:\dev\git\bundler-sfm-vs\lib\clapack\Debug\icamax.obj
D:\dev\git\bundler-sfm-vs\lib\clapack\Debug\icmax1.obj
D:\dev\git\bundler-sfm-vs\lib\clapack\Debug\idamax.obj
D:\dev\git\bundler-sfm-vs\lib\clapack\Debug\ieeeck.obj
D:\dev\git\bundler-sfm-vs\lib\clapack\Debug\ilaenv.obj
D:\dev\git\bundler-sfm-vs\lib\clapack\Debug\ilaver.obj
D:\dev\git\bundler-sfm-vs\lib\clapack\Debug\ilaver1.obj
D:\dev\git\bundler-sfm-vs\lib\clapack\Debug\iparmq.obj
D:\dev\git\bundler-sfm-vs\lib\clapack\Debug\isamax.obj
D:\dev\git\bundler-sfm-vs\lib\clapack\Debug\izamax.obj
D:\dev\git\bundler-sfm-vs\lib\clapack\Debug\izmax1.obj
D:\dev\git\bundler-sfm-vs\lib\clapack\Debug\LAPACK_version.obj
D:\dev\git\bundler-sfm-vs\lib\clapack\Debug\lib.command.1.tlog
D:\dev\git\bundler-sfm-vs\lib\clapack\Debug\Lib-link.read.1.tlog
D:\dev\git\bundler-sfm-vs\lib\clapack\Debug\Lib-link.write.1.tlog
D:\dev\git\bundler-sfm-vs\lib\clapack\Debug\lsame.obj
D:\dev\git\bundler-sfm-vs\lib\clapack\Debug\lsame1.obj
D:\dev\git\bundler-sfm-vs\lib\clapack\Debug\lsamen.obj
D:\dev\git\bundler-sfm-vs\lib\clapack\Debug\lsametst.obj
D:\dev\git\bundler-sfm-vs\lib\clapack\Debug\tstiee.obj
D:\dev\git\bundler-sfm-vs\lib\clapack\Debug\vc100.idb
D:\dev\git\bundler-sfm-vs\lib\clapack\Debug\vc100.pdb
D:\dev\git\bundler-sfm-vs\lib\clapack\Debug\xerbla.obj
D:\dev\git\bundler-sfm-vs\lib\clapack\Debug\xerbla1.obj
D:\dev\git\bundler-sfm-vs\vc++\Debug\clapack.lib
