D:\DEV\GIT\BUNDLER-SFM\LIB\CMINPACK\DEBUG\CHKDER.OBJ
D:\DEV\GIT\BUNDLER-SFM\LIB\CMINPACK\DEBUG\DOGLEG.OBJ
D:\DEV\GIT\BUNDLER-SFM\LIB\CMINPACK\DEBUG\DPMPAR.OBJ
D:\DEV\GIT\BUNDLER-SFM\LIB\CMINPACK\DEBUG\ENORM.OBJ
D:\DEV\GIT\BUNDLER-SFM\LIB\CMINPACK\DEBUG\FDJAC1.OBJ
D:\DEV\GIT\BUNDLER-SFM\LIB\CMINPACK\DEBUG\FDJAC2.OBJ
D:\DEV\GIT\BUNDLER-SFM\LIB\CMINPACK\DEBUG\HYBRD.OBJ
D:\DEV\GIT\BUNDLER-SFM\LIB\CMINPACK\DEBUG\HYBRD1.OBJ
D:\DEV\GIT\BUNDLER-SFM\LIB\CMINPACK\DEBUG\HYBRJ.OBJ
D:\DEV\GIT\BUNDLER-SFM\LIB\CMINPACK\DEBUG\HYBRJ1.OBJ
D:\DEV\GIT\BUNDLER-SFM\LIB\CMINPACK\DEBUG\LMDER.OBJ
D:\DEV\GIT\BUNDLER-SFM\LIB\CMINPACK\DEBUG\LMDER1.OBJ
D:\DEV\GIT\BUNDLER-SFM\LIB\CMINPACK\DEBUG\LMDIF.OBJ
D:\DEV\GIT\BUNDLER-SFM\LIB\CMINPACK\DEBUG\LMDIF1.OBJ
D:\DEV\GIT\BUNDLER-SFM\LIB\CMINPACK\DEBUG\LMPAR.OBJ
D:\DEV\GIT\BUNDLER-SFM\LIB\CMINPACK\DEBUG\LMSTR.OBJ
D:\DEV\GIT\BUNDLER-SFM\LIB\CMINPACK\DEBUG\LMSTR1.OBJ
D:\DEV\GIT\BUNDLER-SFM\LIB\CMINPACK\DEBUG\QFORM.OBJ
D:\DEV\GIT\BUNDLER-SFM\LIB\CMINPACK\DEBUG\QRFAC.OBJ
D:\DEV\GIT\BUNDLER-SFM\LIB\CMINPACK\DEBUG\QRSOLV.OBJ
D:\DEV\GIT\BUNDLER-SFM\LIB\CMINPACK\DEBUG\R1MPYQ.OBJ
D:\DEV\GIT\BUNDLER-SFM\LIB\CMINPACK\DEBUG\R1UPDT.OBJ
D:\DEV\GIT\BUNDLER-SFM\LIB\CMINPACK\DEBUG\RWUPDT.OBJ
D:\DEV\GIT\BUNDLER-SFM\LIB\CMINPACK\DEBUG\VC100.PDB
D:\DEV\GIT\BUNDLER-SFM\VC++\DEBUG\CMINPACK.LIB
D:\dev\git\bundler-sfm-vs\lib\cminpack\Debug\chkder.obj
D:\dev\git\bundler-sfm-vs\lib\cminpack\Debug\cl.command.1.tlog
D:\dev\git\bundler-sfm-vs\lib\cminpack\Debug\CL.read.1.tlog
D:\dev\git\bundler-sfm-vs\lib\cminpack\Debug\CL.write.1.tlog
D:\dev\git\bundler-sfm-vs\lib\cminpack\Debug\cminpack.write.1.tlog
D:\dev\git\bundler-sfm-vs\lib\cminpack\Debug\dogleg.obj
D:\dev\git\bundler-sfm-vs\lib\cminpack\Debug\dpmpar.obj
D:\dev\git\bundler-sfm-vs\lib\cminpack\Debug\enorm.obj
D:\dev\git\bundler-sfm-vs\lib\cminpack\Debug\fdjac1.obj
D:\dev\git\bundler-sfm-vs\lib\cminpack\Debug\fdjac2.obj
D:\dev\git\bundler-sfm-vs\lib\cminpack\Debug\hybrd.obj
D:\dev\git\bundler-sfm-vs\lib\cminpack\Debug\hybrd1.obj
D:\dev\git\bundler-sfm-vs\lib\cminpack\Debug\hybrj.obj
D:\dev\git\bundler-sfm-vs\lib\cminpack\Debug\hybrj1.obj
D:\dev\git\bundler-sfm-vs\lib\cminpack\Debug\lib.command.1.tlog
D:\dev\git\bundler-sfm-vs\lib\cminpack\Debug\Lib-link.read.1.tlog
D:\dev\git\bundler-sfm-vs\lib\cminpack\Debug\Lib-link.write.1.tlog
D:\dev\git\bundler-sfm-vs\lib\cminpack\Debug\lmder.obj
D:\dev\git\bundler-sfm-vs\lib\cminpack\Debug\lmder1.obj
D:\dev\git\bundler-sfm-vs\lib\cminpack\Debug\lmdif.obj
D:\dev\git\bundler-sfm-vs\lib\cminpack\Debug\lmdif1.obj
D:\dev\git\bundler-sfm-vs\lib\cminpack\Debug\lmpar.obj
D:\dev\git\bundler-sfm-vs\lib\cminpack\Debug\lmstr.obj
D:\dev\git\bundler-sfm-vs\lib\cminpack\Debug\lmstr1.obj
D:\dev\git\bundler-sfm-vs\lib\cminpack\Debug\qform.obj
D:\dev\git\bundler-sfm-vs\lib\cminpack\Debug\qrfac.obj
D:\dev\git\bundler-sfm-vs\lib\cminpack\Debug\qrsolv.obj
D:\dev\git\bundler-sfm-vs\lib\cminpack\Debug\r1mpyq.obj
D:\dev\git\bundler-sfm-vs\lib\cminpack\Debug\r1updt.obj
D:\dev\git\bundler-sfm-vs\lib\cminpack\Debug\rwupdt.obj
D:\dev\git\bundler-sfm-vs\lib\cminpack\Debug\vc100.idb
D:\dev\git\bundler-sfm-vs\lib\cminpack\Debug\vc100.pdb
D:\dev\git\bundler-sfm-vs\vc++\Debug\cminpack.lib
