D:\DEV\GIT\BUNDLER-SFM\LIB\SBA-1.5\DEBUG\SBA_CHKJAC.OBJ
D:\DEV\GIT\BUNDLER-SFM\LIB\SBA-1.5\DEBUG\SBA_CRSM.OBJ
D:\DEV\GIT\BUNDLER-SFM\LIB\SBA-1.5\DEBUG\SBA_LAPACK.OBJ
D:\DEV\GIT\BUNDLER-SFM\LIB\SBA-1.5\DEBUG\SBA_LEVMAR.OBJ
D:\DEV\GIT\BUNDLER-SFM\LIB\SBA-1.5\DEBUG\SBA_LEVMAR_WRAP.OBJ
D:\DEV\GIT\BUNDLER-SFM\LIB\SBA-1.5\DEBUG\VC100.PDB
D:\DEV\GIT\BUNDLER-SFM\VC++\DEBUG\SBA-1.5.LIB
D:\dev\git\bundler-sfm-vs\lib\sba-1.5\Debug\cl.command.1.tlog
D:\dev\git\bundler-sfm-vs\lib\sba-1.5\Debug\CL.read.1.tlog
D:\dev\git\bundler-sfm-vs\lib\sba-1.5\Debug\CL.write.1.tlog
D:\dev\git\bundler-sfm-vs\lib\sba-1.5\Debug\lib.command.1.tlog
D:\dev\git\bundler-sfm-vs\lib\sba-1.5\Debug\Lib-link.read.1.tlog
D:\dev\git\bundler-sfm-vs\lib\sba-1.5\Debug\Lib-link.write.1.tlog
D:\dev\git\bundler-sfm-vs\lib\sba-1.5\Debug\sba_chkjac.obj
D:\dev\git\bundler-sfm-vs\lib\sba-1.5\Debug\sba_crsm.obj
D:\dev\git\bundler-sfm-vs\lib\sba-1.5\Debug\sba_lapack.obj
D:\dev\git\bundler-sfm-vs\lib\sba-1.5\Debug\sba_levmar.obj
D:\dev\git\bundler-sfm-vs\lib\sba-1.5\Debug\sba_levmar_wrap.obj
D:\dev\git\bundler-sfm-vs\lib\sba-1.5\Debug\sba-1.5.write.1.tlog
D:\dev\git\bundler-sfm-vs\lib\sba-1.5\Debug\vc100.idb
D:\dev\git\bundler-sfm-vs\lib\sba-1.5\Debug\vc100.pdb
D:\dev\git\bundler-sfm-vs\vc++\Debug\sba-1.5.lib
