D:\DEV\GIT\BUNDLER-SFM\LIB\JPEG\DEBUG\JCAPIMIN.OBJ
D:\DEV\GIT\BUNDLER-SFM\LIB\JPEG\DEBUG\JCAPISTD.OBJ
D:\DEV\GIT\BUNDLER-SFM\LIB\JPEG\DEBUG\JCCOEFCT.OBJ
D:\DEV\GIT\BUNDLER-SFM\LIB\JPEG\DEBUG\JCCOLOR.OBJ
D:\DEV\GIT\BUNDLER-SFM\LIB\JPEG\DEBUG\JCDCTMGR.OBJ
D:\DEV\GIT\BUNDLER-SFM\LIB\JPEG\DEBUG\JCHUFF.OBJ
D:\DEV\GIT\BUNDLER-SFM\LIB\JPEG\DEBUG\JCINIT.OBJ
D:\DEV\GIT\BUNDLER-SFM\LIB\JPEG\DEBUG\JCMAINCT.OBJ
D:\DEV\GIT\BUNDLER-SFM\LIB\JPEG\DEBUG\JCMARKER.OBJ
D:\DEV\GIT\BUNDLER-SFM\LIB\JPEG\DEBUG\JCMASTER.OBJ
D:\DEV\GIT\BUNDLER-SFM\LIB\JPEG\DEBUG\JCOMAPI.OBJ
D:\DEV\GIT\BUNDLER-SFM\LIB\JPEG\DEBUG\JCPARAM.OBJ
D:\DEV\GIT\BUNDLER-SFM\LIB\JPEG\DEBUG\JCPHUFF.OBJ
D:\DEV\GIT\BUNDLER-SFM\LIB\JPEG\DEBUG\JCPREPCT.OBJ
D:\DEV\GIT\BUNDLER-SFM\LIB\JPEG\DEBUG\JCSAMPLE.OBJ
D:\DEV\GIT\BUNDLER-SFM\LIB\JPEG\DEBUG\JCTRANS.OBJ
D:\DEV\GIT\BUNDLER-SFM\LIB\JPEG\DEBUG\JDAPIMIN.OBJ
D:\DEV\GIT\BUNDLER-SFM\LIB\JPEG\DEBUG\JDAPISTD.OBJ
D:\DEV\GIT\BUNDLER-SFM\LIB\JPEG\DEBUG\JDATADST.OBJ
D:\DEV\GIT\BUNDLER-SFM\LIB\JPEG\DEBUG\JDATASRC.OBJ
D:\DEV\GIT\BUNDLER-SFM\LIB\JPEG\DEBUG\JDCOEFCT.OBJ
D:\DEV\GIT\BUNDLER-SFM\LIB\JPEG\DEBUG\JDCOLOR.OBJ
D:\DEV\GIT\BUNDLER-SFM\LIB\JPEG\DEBUG\JDDCTMGR.OBJ
D:\DEV\GIT\BUNDLER-SFM\LIB\JPEG\DEBUG\JDHUFF.OBJ
D:\DEV\GIT\BUNDLER-SFM\LIB\JPEG\DEBUG\JDINPUT.OBJ
D:\DEV\GIT\BUNDLER-SFM\LIB\JPEG\DEBUG\JDMAINCT.OBJ
D:\DEV\GIT\BUNDLER-SFM\LIB\JPEG\DEBUG\JDMARKER.OBJ
D:\DEV\GIT\BUNDLER-SFM\LIB\JPEG\DEBUG\JDMASTER.OBJ
D:\DEV\GIT\BUNDLER-SFM\LIB\JPEG\DEBUG\JDMERGE.OBJ
D:\DEV\GIT\BUNDLER-SFM\LIB\JPEG\DEBUG\JDPHUFF.OBJ
D:\DEV\GIT\BUNDLER-SFM\LIB\JPEG\DEBUG\JDPOSTCT.OBJ
D:\DEV\GIT\BUNDLER-SFM\LIB\JPEG\DEBUG\JDSAMPLE.OBJ
D:\DEV\GIT\BUNDLER-SFM\LIB\JPEG\DEBUG\JDTRANS.OBJ
D:\DEV\GIT\BUNDLER-SFM\LIB\JPEG\DEBUG\JERROR.OBJ
D:\DEV\GIT\BUNDLER-SFM\LIB\JPEG\DEBUG\JFDCTFLT.OBJ
D:\DEV\GIT\BUNDLER-SFM\LIB\JPEG\DEBUG\JFDCTFST.OBJ
D:\DEV\GIT\BUNDLER-SFM\LIB\JPEG\DEBUG\JFDCTINT.OBJ
D:\DEV\GIT\BUNDLER-SFM\LIB\JPEG\DEBUG\JIDCTFLT.OBJ
D:\DEV\GIT\BUNDLER-SFM\LIB\JPEG\DEBUG\JIDCTFST.OBJ
D:\DEV\GIT\BUNDLER-SFM\LIB\JPEG\DEBUG\JIDCTINT.OBJ
D:\DEV\GIT\BUNDLER-SFM\LIB\JPEG\DEBUG\JIDCTRED.OBJ
D:\DEV\GIT\BUNDLER-SFM\LIB\JPEG\DEBUG\JMEMMGR.OBJ
D:\DEV\GIT\BUNDLER-SFM\LIB\JPEG\DEBUG\JMEMNOBS.OBJ
D:\DEV\GIT\BUNDLER-SFM\LIB\JPEG\DEBUG\JPEG.DLL.EMBED.MANIFEST
D:\DEV\GIT\BUNDLER-SFM\LIB\JPEG\DEBUG\JPEG.DLL.EMBED.MANIFEST.RES
D:\DEV\GIT\BUNDLER-SFM\LIB\JPEG\DEBUG\JPEG.DLL.INTERMEDIATE.MANIFEST
D:\DEV\GIT\BUNDLER-SFM\LIB\JPEG\DEBUG\JQUANT1.OBJ
D:\DEV\GIT\BUNDLER-SFM\LIB\JPEG\DEBUG\JQUANT2.OBJ
D:\DEV\GIT\BUNDLER-SFM\LIB\JPEG\DEBUG\JUTILS.OBJ
D:\DEV\GIT\BUNDLER-SFM\LIB\JPEG\DEBUG\VC100.PDB
D:\DEV\GIT\BUNDLER-SFM\VC++\DEBUG\JPEG.DLL
D:\dev\git\bundler-sfm\vc++\Debug\jpeg.exp
D:\DEV\GIT\BUNDLER-SFM\VC++\DEBUG\JPEG.ILK
D:\dev\git\bundler-sfm\vc++\Debug\jpeg.lib
D:\DEV\GIT\BUNDLER-SFM\VC++\DEBUG\JPEG.PDB
D:\dev\git\bundler-sfm-vs\lib\jpeg\Debug\cl.command.1.tlog
D:\dev\git\bundler-sfm-vs\lib\jpeg\Debug\CL.read.1.tlog
D:\dev\git\bundler-sfm-vs\lib\jpeg\Debug\CL.write.1.tlog
D:\dev\git\bundler-sfm-vs\lib\jpeg\Debug\jcapimin.obj
D:\dev\git\bundler-sfm-vs\lib\jpeg\Debug\jcapistd.obj
D:\dev\git\bundler-sfm-vs\lib\jpeg\Debug\jccoefct.obj
D:\dev\git\bundler-sfm-vs\lib\jpeg\Debug\jccolor.obj
D:\dev\git\bundler-sfm-vs\lib\jpeg\Debug\jcdctmgr.obj
D:\dev\git\bundler-sfm-vs\lib\jpeg\Debug\jchuff.obj
D:\dev\git\bundler-sfm-vs\lib\jpeg\Debug\jcinit.obj
D:\dev\git\bundler-sfm-vs\lib\jpeg\Debug\jcmainct.obj
D:\dev\git\bundler-sfm-vs\lib\jpeg\Debug\jcmarker.obj
D:\dev\git\bundler-sfm-vs\lib\jpeg\Debug\jcmaster.obj
D:\dev\git\bundler-sfm-vs\lib\jpeg\Debug\jcomapi.obj
D:\dev\git\bundler-sfm-vs\lib\jpeg\Debug\jcparam.obj
D:\dev\git\bundler-sfm-vs\lib\jpeg\Debug\jcphuff.obj
D:\dev\git\bundler-sfm-vs\lib\jpeg\Debug\jcprepct.obj
D:\dev\git\bundler-sfm-vs\lib\jpeg\Debug\jcsample.obj
D:\dev\git\bundler-sfm-vs\lib\jpeg\Debug\jctrans.obj
D:\dev\git\bundler-sfm-vs\lib\jpeg\Debug\jdapimin.obj
D:\dev\git\bundler-sfm-vs\lib\jpeg\Debug\jdapistd.obj
D:\dev\git\bundler-sfm-vs\lib\jpeg\Debug\jdatadst.obj
D:\dev\git\bundler-sfm-vs\lib\jpeg\Debug\jdatasrc.obj
D:\dev\git\bundler-sfm-vs\lib\jpeg\Debug\jdcoefct.obj
D:\dev\git\bundler-sfm-vs\lib\jpeg\Debug\jdcolor.obj
D:\dev\git\bundler-sfm-vs\lib\jpeg\Debug\jddctmgr.obj
D:\dev\git\bundler-sfm-vs\lib\jpeg\Debug\jdhuff.obj
D:\dev\git\bundler-sfm-vs\lib\jpeg\Debug\jdinput.obj
D:\dev\git\bundler-sfm-vs\lib\jpeg\Debug\jdmainct.obj
D:\dev\git\bundler-sfm-vs\lib\jpeg\Debug\jdmarker.obj
D:\dev\git\bundler-sfm-vs\lib\jpeg\Debug\jdmaster.obj
D:\dev\git\bundler-sfm-vs\lib\jpeg\Debug\jdmerge.obj
D:\dev\git\bundler-sfm-vs\lib\jpeg\Debug\jdphuff.obj
D:\dev\git\bundler-sfm-vs\lib\jpeg\Debug\jdpostct.obj
D:\dev\git\bundler-sfm-vs\lib\jpeg\Debug\jdsample.obj
D:\dev\git\bundler-sfm-vs\lib\jpeg\Debug\jdtrans.obj
D:\dev\git\bundler-sfm-vs\lib\jpeg\Debug\jerror.obj
D:\dev\git\bundler-sfm-vs\lib\jpeg\Debug\jfdctflt.obj
D:\dev\git\bundler-sfm-vs\lib\jpeg\Debug\jfdctfst.obj
D:\dev\git\bundler-sfm-vs\lib\jpeg\Debug\jfdctint.obj
D:\dev\git\bundler-sfm-vs\lib\jpeg\Debug\jidctflt.obj
D:\dev\git\bundler-sfm-vs\lib\jpeg\Debug\jidctfst.obj
D:\dev\git\bundler-sfm-vs\lib\jpeg\Debug\jidctint.obj
D:\dev\git\bundler-sfm-vs\lib\jpeg\Debug\jidctred.obj
D:\dev\git\bundler-sfm-vs\lib\jpeg\Debug\jmemmgr.obj
D:\dev\git\bundler-sfm-vs\lib\jpeg\Debug\jmemnobs.obj
D:\dev\git\bundler-sfm-vs\lib\jpeg\Debug\jpeg.dll.embed.manifest
D:\dev\git\bundler-sfm-vs\lib\jpeg\Debug\jpeg.dll.embed.manifest.res
D:\dev\git\bundler-sfm-vs\lib\jpeg\Debug\jpeg.dll.intermediate.manifest
D:\dev\git\bundler-sfm-vs\lib\jpeg\Debug\jpeg.write.1.tlog
D:\dev\git\bundler-sfm-vs\lib\jpeg\Debug\jpeg_manifest.rc
D:\dev\git\bundler-sfm-vs\lib\jpeg\Debug\jquant1.obj
D:\dev\git\bundler-sfm-vs\lib\jpeg\Debug\jquant2.obj
D:\dev\git\bundler-sfm-vs\lib\jpeg\Debug\jutils.obj
D:\dev\git\bundler-sfm-vs\lib\jpeg\Debug\link.6308.read.1.tlog
D:\dev\git\bundler-sfm-vs\lib\jpeg\Debug\link.6308.write.1.tlog
D:\dev\git\bundler-sfm-vs\lib\jpeg\Debug\link.6308-cvtres.read.1.tlog
D:\dev\git\bundler-sfm-vs\lib\jpeg\Debug\link.6308-cvtres.write.1.tlog
D:\dev\git\bundler-sfm-vs\lib\jpeg\Debug\link.command.1.tlog
D:\dev\git\bundler-sfm-vs\lib\jpeg\Debug\link.read.1.tlog
D:\dev\git\bundler-sfm-vs\lib\jpeg\Debug\link.write.1.tlog
D:\dev\git\bundler-sfm-vs\lib\jpeg\Debug\link-cvtres.read.1.tlog
D:\dev\git\bundler-sfm-vs\lib\jpeg\Debug\link-cvtres.write.1.tlog
D:\dev\git\bundler-sfm-vs\lib\jpeg\Debug\mt.command.1.tlog
D:\dev\git\bundler-sfm-vs\lib\jpeg\Debug\mt.read.1.tlog
D:\dev\git\bundler-sfm-vs\lib\jpeg\Debug\mt.write.1.tlog
D:\dev\git\bundler-sfm-vs\lib\jpeg\Debug\rc.command.1.tlog
D:\dev\git\bundler-sfm-vs\lib\jpeg\Debug\rc.read.1.tlog
D:\dev\git\bundler-sfm-vs\lib\jpeg\Debug\rc.write.1.tlog
D:\dev\git\bundler-sfm-vs\lib\jpeg\Debug\vc100.idb
D:\dev\git\bundler-sfm-vs\lib\jpeg\Debug\vc100.pdb
D:\dev\git\bundler-sfm-vs\vc++\Debug\jpeg.dll
