D:\DEV\GIT\BUNDLER-SFM\LIB\IMAGELIB\DEBUG\AFFINE.OBJ
D:\DEV\GIT\BUNDLER-SFM\LIB\IMAGELIB\DEBUG\BINIMAGE.OBJ
D:\DEV\GIT\BUNDLER-SFM\LIB\IMAGELIB\DEBUG\BINVOLUME.OBJ
D:\DEV\GIT\BUNDLER-SFM\LIB\IMAGELIB\DEBUG\BMP.OBJ
D:\DEV\GIT\BUNDLER-SFM\LIB\IMAGELIB\DEBUG\CANNY.OBJ
D:\DEV\GIT\BUNDLER-SFM\LIB\IMAGELIB\DEBUG\COLOR.OBJ
D:\DEV\GIT\BUNDLER-SFM\LIB\IMAGELIB\DEBUG\FILEIO.OBJ
D:\DEV\GIT\BUNDLER-SFM\LIB\IMAGELIB\DEBUG\FILTER.OBJ
D:\DEV\GIT\BUNDLER-SFM\LIB\IMAGELIB\DEBUG\FIT.OBJ
D:\DEV\GIT\BUNDLER-SFM\LIB\IMAGELIB\DEBUG\FMATRIX.OBJ
D:\DEV\GIT\BUNDLER-SFM\LIB\IMAGELIB\DEBUG\HOMOGRAPHY.OBJ
D:\DEV\GIT\BUNDLER-SFM\LIB\IMAGELIB\DEBUG\HORN.OBJ
D:\DEV\GIT\BUNDLER-SFM\LIB\IMAGELIB\DEBUG\IMAGE.OBJ
D:\DEV\GIT\BUNDLER-SFM\LIB\IMAGELIB\DEBUG\LERP.OBJ
D:\DEV\GIT\BUNDLER-SFM\LIB\IMAGELIB\DEBUG\MORPHOLOGY.OBJ
D:\DEV\GIT\BUNDLER-SFM\LIB\IMAGELIB\DEBUG\PGM.OBJ
D:\DEV\GIT\BUNDLER-SFM\LIB\IMAGELIB\DEBUG\POLY.OBJ
D:\DEV\GIT\BUNDLER-SFM\LIB\IMAGELIB\DEBUG\QSORT.OBJ
D:\DEV\GIT\BUNDLER-SFM\LIB\IMAGELIB\DEBUG\RESAMPLE.OBJ
D:\DEV\GIT\BUNDLER-SFM\LIB\IMAGELIB\DEBUG\TPS.OBJ
D:\DEV\GIT\BUNDLER-SFM\LIB\IMAGELIB\DEBUG\TRANSFORM.OBJ
D:\DEV\GIT\BUNDLER-SFM\LIB\IMAGELIB\DEBUG\TRIANGLE.OBJ
D:\DEV\GIT\BUNDLER-SFM\LIB\IMAGELIB\DEBUG\TRIANGULATE.OBJ
D:\DEV\GIT\BUNDLER-SFM\LIB\IMAGELIB\DEBUG\UTIL.OBJ
D:\DEV\GIT\BUNDLER-SFM\LIB\IMAGELIB\DEBUG\VANISH.OBJ
D:\DEV\GIT\BUNDLER-SFM\LIB\IMAGELIB\DEBUG\VC100.PDB
D:\DEV\GIT\BUNDLER-SFM\VC++\DEBUG\IMAGELIB.LIB
D:\dev\git\bundler-sfm-vs\lib\imagelib\Debug\affine.obj
D:\dev\git\bundler-sfm-vs\lib\imagelib\Debug\binimage.obj
D:\dev\git\bundler-sfm-vs\lib\imagelib\Debug\binvolume.obj
D:\dev\git\bundler-sfm-vs\lib\imagelib\Debug\bmp.obj
D:\dev\git\bundler-sfm-vs\lib\imagelib\Debug\canny.obj
D:\dev\git\bundler-sfm-vs\lib\imagelib\Debug\cl.command.1.tlog
D:\dev\git\bundler-sfm-vs\lib\imagelib\Debug\CL.read.1.tlog
D:\dev\git\bundler-sfm-vs\lib\imagelib\Debug\CL.write.1.tlog
D:\dev\git\bundler-sfm-vs\lib\imagelib\Debug\color.obj
D:\dev\git\bundler-sfm-vs\lib\imagelib\Debug\fileio.obj
D:\dev\git\bundler-sfm-vs\lib\imagelib\Debug\filter.obj
D:\dev\git\bundler-sfm-vs\lib\imagelib\Debug\fit.obj
D:\dev\git\bundler-sfm-vs\lib\imagelib\Debug\fmatrix.obj
D:\dev\git\bundler-sfm-vs\lib\imagelib\Debug\homography.obj
D:\dev\git\bundler-sfm-vs\lib\imagelib\Debug\horn.obj
D:\dev\git\bundler-sfm-vs\lib\imagelib\Debug\image.obj
D:\dev\git\bundler-sfm-vs\lib\imagelib\Debug\imagelib.write.1.tlog
D:\dev\git\bundler-sfm-vs\lib\imagelib\Debug\lerp.obj
D:\dev\git\bundler-sfm-vs\lib\imagelib\Debug\lib.command.1.tlog
D:\dev\git\bundler-sfm-vs\lib\imagelib\Debug\Lib-link.read.1.tlog
D:\dev\git\bundler-sfm-vs\lib\imagelib\Debug\Lib-link.write.1.tlog
D:\dev\git\bundler-sfm-vs\lib\imagelib\Debug\morphology.obj
D:\dev\git\bundler-sfm-vs\lib\imagelib\Debug\pgm.obj
D:\dev\git\bundler-sfm-vs\lib\imagelib\Debug\poly.obj
D:\dev\git\bundler-sfm-vs\lib\imagelib\Debug\qsort.obj
D:\dev\git\bundler-sfm-vs\lib\imagelib\Debug\resample.obj
D:\dev\git\bundler-sfm-vs\lib\imagelib\Debug\tps.obj
D:\dev\git\bundler-sfm-vs\lib\imagelib\Debug\transform.obj
D:\dev\git\bundler-sfm-vs\lib\imagelib\Debug\triangle.obj
D:\dev\git\bundler-sfm-vs\lib\imagelib\Debug\triangulate.obj
D:\dev\git\bundler-sfm-vs\lib\imagelib\Debug\util.obj
D:\dev\git\bundler-sfm-vs\lib\imagelib\Debug\vanish.obj
D:\dev\git\bundler-sfm-vs\lib\imagelib\Debug\vc100.idb
D:\dev\git\bundler-sfm-vs\lib\imagelib\Debug\vc100.pdb
D:\dev\git\bundler-sfm-vs\vc++\Debug\imagelib.lib
