D:\DEV\GIT\BUNDLER-SFM\LIB\F2C\DEBUG\ABORT_.OBJ
D:\DEV\GIT\BUNDLER-SFM\LIB\F2C\DEBUG\ARITHCHK.OBJ
D:\DEV\GIT\BUNDLER-SFM\LIB\F2C\DEBUG\BACKSPAC.OBJ
D:\DEV\GIT\BUNDLER-SFM\LIB\F2C\DEBUG\CABS.OBJ
D:\DEV\GIT\BUNDLER-SFM\LIB\F2C\DEBUG\CLOSE.OBJ
D:\DEV\GIT\BUNDLER-SFM\LIB\F2C\DEBUG\CTYPE.OBJ
D:\DEV\GIT\BUNDLER-SFM\LIB\F2C\DEBUG\D_ABS.OBJ
D:\DEV\GIT\BUNDLER-SFM\LIB\F2C\DEBUG\D_ACOS.OBJ
D:\DEV\GIT\BUNDLER-SFM\LIB\F2C\DEBUG\D_ASIN.OBJ
D:\DEV\GIT\BUNDLER-SFM\LIB\F2C\DEBUG\D_ATAN.OBJ
D:\DEV\GIT\BUNDLER-SFM\LIB\F2C\DEBUG\D_ATN2.OBJ
D:\DEV\GIT\BUNDLER-SFM\LIB\F2C\DEBUG\D_CNJG.OBJ
D:\DEV\GIT\BUNDLER-SFM\LIB\F2C\DEBUG\D_COS.OBJ
D:\DEV\GIT\BUNDLER-SFM\LIB\F2C\DEBUG\D_COSH.OBJ
D:\DEV\GIT\BUNDLER-SFM\LIB\F2C\DEBUG\D_DIM.OBJ
D:\DEV\GIT\BUNDLER-SFM\LIB\F2C\DEBUG\D_EXP.OBJ
D:\DEV\GIT\BUNDLER-SFM\LIB\F2C\DEBUG\D_IMAG.OBJ
D:\DEV\GIT\BUNDLER-SFM\LIB\F2C\DEBUG\D_INT.OBJ
D:\DEV\GIT\BUNDLER-SFM\LIB\F2C\DEBUG\D_LG10.OBJ
D:\DEV\GIT\BUNDLER-SFM\LIB\F2C\DEBUG\D_LOG.OBJ
D:\DEV\GIT\BUNDLER-SFM\LIB\F2C\DEBUG\D_MOD.OBJ
D:\DEV\GIT\BUNDLER-SFM\LIB\F2C\DEBUG\D_NINT.OBJ
D:\DEV\GIT\BUNDLER-SFM\LIB\F2C\DEBUG\D_PROD.OBJ
D:\DEV\GIT\BUNDLER-SFM\LIB\F2C\DEBUG\D_SIGN.OBJ
D:\DEV\GIT\BUNDLER-SFM\LIB\F2C\DEBUG\D_SIN.OBJ
D:\DEV\GIT\BUNDLER-SFM\LIB\F2C\DEBUG\D_SINH.OBJ
D:\DEV\GIT\BUNDLER-SFM\LIB\F2C\DEBUG\D_SQRT.OBJ
D:\DEV\GIT\BUNDLER-SFM\LIB\F2C\DEBUG\D_TAN.OBJ
D:\DEV\GIT\BUNDLER-SFM\LIB\F2C\DEBUG\D_TANH.OBJ
D:\DEV\GIT\BUNDLER-SFM\LIB\F2C\DEBUG\DERF_.OBJ
D:\DEV\GIT\BUNDLER-SFM\LIB\F2C\DEBUG\DERFC_.OBJ
D:\DEV\GIT\BUNDLER-SFM\LIB\F2C\DEBUG\DFE.OBJ
D:\DEV\GIT\BUNDLER-SFM\LIB\F2C\DEBUG\DOLIO.OBJ
D:\DEV\GIT\BUNDLER-SFM\LIB\F2C\DEBUG\DTIME_.OBJ
D:\DEV\GIT\BUNDLER-SFM\LIB\F2C\DEBUG\DUE.OBJ
D:\DEV\GIT\BUNDLER-SFM\LIB\F2C\DEBUG\EF1ASC_.OBJ
D:\DEV\GIT\BUNDLER-SFM\LIB\F2C\DEBUG\EF1CMC_.OBJ
D:\DEV\GIT\BUNDLER-SFM\LIB\F2C\DEBUG\ENDFILE.OBJ
D:\DEV\GIT\BUNDLER-SFM\LIB\F2C\DEBUG\ERF_.OBJ
D:\DEV\GIT\BUNDLER-SFM\LIB\F2C\DEBUG\ERFC_.OBJ
D:\DEV\GIT\BUNDLER-SFM\LIB\F2C\DEBUG\ERR.OBJ
D:\DEV\GIT\BUNDLER-SFM\LIB\F2C\DEBUG\ETIME_.OBJ
D:\DEV\GIT\BUNDLER-SFM\LIB\F2C\DEBUG\EXIT_.OBJ
D:\DEV\GIT\BUNDLER-SFM\LIB\F2C\DEBUG\F77_ALOC.OBJ
D:\DEV\GIT\BUNDLER-SFM\LIB\F2C\DEBUG\F77VERS.OBJ
D:\DEV\GIT\BUNDLER-SFM\LIB\F2C\DEBUG\FMT.OBJ
D:\DEV\GIT\BUNDLER-SFM\LIB\F2C\DEBUG\FMTLIB.OBJ
D:\DEV\GIT\BUNDLER-SFM\LIB\F2C\DEBUG\FTELL_.OBJ
D:\DEV\GIT\BUNDLER-SFM\LIB\F2C\DEBUG\GETARG_.OBJ
D:\DEV\GIT\BUNDLER-SFM\LIB\F2C\DEBUG\GETENV_.OBJ
D:\DEV\GIT\BUNDLER-SFM\LIB\F2C\DEBUG\H_ABS.OBJ
D:\DEV\GIT\BUNDLER-SFM\LIB\F2C\DEBUG\H_DIM.OBJ
D:\DEV\GIT\BUNDLER-SFM\LIB\F2C\DEBUG\H_DNNT.OBJ
D:\DEV\GIT\BUNDLER-SFM\LIB\F2C\DEBUG\H_INDX.OBJ
D:\DEV\GIT\BUNDLER-SFM\LIB\F2C\DEBUG\H_LEN.OBJ
D:\DEV\GIT\BUNDLER-SFM\LIB\F2C\DEBUG\H_MOD.OBJ
D:\DEV\GIT\BUNDLER-SFM\LIB\F2C\DEBUG\H_NINT.OBJ
D:\DEV\GIT\BUNDLER-SFM\LIB\F2C\DEBUG\H_SIGN.OBJ
D:\DEV\GIT\BUNDLER-SFM\LIB\F2C\DEBUG\HL_GE.OBJ
D:\DEV\GIT\BUNDLER-SFM\LIB\F2C\DEBUG\HL_GT.OBJ
D:\DEV\GIT\BUNDLER-SFM\LIB\F2C\DEBUG\HL_LE.OBJ
D:\DEV\GIT\BUNDLER-SFM\LIB\F2C\DEBUG\HL_LT.OBJ
D:\DEV\GIT\BUNDLER-SFM\LIB\F2C\DEBUG\I_ABS.OBJ
D:\DEV\GIT\BUNDLER-SFM\LIB\F2C\DEBUG\I_DIM.OBJ
D:\DEV\GIT\BUNDLER-SFM\LIB\F2C\DEBUG\I_DNNT.OBJ
D:\DEV\GIT\BUNDLER-SFM\LIB\F2C\DEBUG\I_INDX.OBJ
D:\DEV\GIT\BUNDLER-SFM\LIB\F2C\DEBUG\I_LEN.OBJ
D:\DEV\GIT\BUNDLER-SFM\LIB\F2C\DEBUG\I_MOD.OBJ
D:\DEV\GIT\BUNDLER-SFM\LIB\F2C\DEBUG\I_NINT.OBJ
D:\DEV\GIT\BUNDLER-SFM\LIB\F2C\DEBUG\I_SIGN.OBJ
D:\DEV\GIT\BUNDLER-SFM\LIB\F2C\DEBUG\I77VERS.OBJ
D:\DEV\GIT\BUNDLER-SFM\LIB\F2C\DEBUG\IARGC_.OBJ
D:\DEV\GIT\BUNDLER-SFM\LIB\F2C\DEBUG\IIO.OBJ
D:\DEV\GIT\BUNDLER-SFM\LIB\F2C\DEBUG\ILNW.OBJ
D:\DEV\GIT\BUNDLER-SFM\LIB\F2C\DEBUG\INQUIRE.OBJ
D:\DEV\GIT\BUNDLER-SFM\LIB\F2C\DEBUG\L_GE.OBJ
D:\DEV\GIT\BUNDLER-SFM\LIB\F2C\DEBUG\L_GT.OBJ
D:\DEV\GIT\BUNDLER-SFM\LIB\F2C\DEBUG\L_LE.OBJ
D:\DEV\GIT\BUNDLER-SFM\LIB\F2C\DEBUG\L_LT.OBJ
D:\DEV\GIT\BUNDLER-SFM\LIB\F2C\DEBUG\LBITBITS.OBJ
D:\DEV\GIT\BUNDLER-SFM\LIB\F2C\DEBUG\LBITSHFT.OBJ
D:\DEV\GIT\BUNDLER-SFM\LIB\F2C\DEBUG\LREAD.OBJ
D:\DEV\GIT\BUNDLER-SFM\LIB\F2C\DEBUG\LWRITE.OBJ
D:\DEV\GIT\BUNDLER-SFM\LIB\F2C\DEBUG\MAIN.OBJ
D:\DEV\GIT\BUNDLER-SFM\LIB\F2C\DEBUG\OPEN.OBJ
D:\DEV\GIT\BUNDLER-SFM\LIB\F2C\DEBUG\POW_CI.OBJ
D:\DEV\GIT\BUNDLER-SFM\LIB\F2C\DEBUG\POW_DD.OBJ
D:\DEV\GIT\BUNDLER-SFM\LIB\F2C\DEBUG\POW_DI.OBJ
D:\DEV\GIT\BUNDLER-SFM\LIB\F2C\DEBUG\POW_HH.OBJ
D:\DEV\GIT\BUNDLER-SFM\LIB\F2C\DEBUG\POW_II.OBJ
D:\DEV\GIT\BUNDLER-SFM\LIB\F2C\DEBUG\POW_RI.OBJ
D:\DEV\GIT\BUNDLER-SFM\LIB\F2C\DEBUG\POW_ZI.OBJ
D:\DEV\GIT\BUNDLER-SFM\LIB\F2C\DEBUG\POW_ZZ.OBJ
D:\DEV\GIT\BUNDLER-SFM\LIB\F2C\DEBUG\R_ABS.OBJ
D:\DEV\GIT\BUNDLER-SFM\LIB\F2C\DEBUG\R_ACOS.OBJ
D:\DEV\GIT\BUNDLER-SFM\LIB\F2C\DEBUG\R_ASIN.OBJ
D:\DEV\GIT\BUNDLER-SFM\LIB\F2C\DEBUG\R_ATAN.OBJ
D:\DEV\GIT\BUNDLER-SFM\LIB\F2C\DEBUG\R_ATN2.OBJ
D:\DEV\GIT\BUNDLER-SFM\LIB\F2C\DEBUG\R_CNJG.OBJ
D:\DEV\GIT\BUNDLER-SFM\LIB\F2C\DEBUG\R_COS.OBJ
D:\DEV\GIT\BUNDLER-SFM\LIB\F2C\DEBUG\R_COSH.OBJ
D:\DEV\GIT\BUNDLER-SFM\LIB\F2C\DEBUG\R_DIM.OBJ
D:\DEV\GIT\BUNDLER-SFM\LIB\F2C\DEBUG\R_EXP.OBJ
D:\DEV\GIT\BUNDLER-SFM\LIB\F2C\DEBUG\R_IMAG.OBJ
D:\DEV\GIT\BUNDLER-SFM\LIB\F2C\DEBUG\R_INT.OBJ
D:\DEV\GIT\BUNDLER-SFM\LIB\F2C\DEBUG\R_LG10.OBJ
D:\DEV\GIT\BUNDLER-SFM\LIB\F2C\DEBUG\R_LOG.OBJ
D:\DEV\GIT\BUNDLER-SFM\LIB\F2C\DEBUG\R_MOD.OBJ
D:\DEV\GIT\BUNDLER-SFM\LIB\F2C\DEBUG\R_NINT.OBJ
D:\DEV\GIT\BUNDLER-SFM\LIB\F2C\DEBUG\R_SIGN.OBJ
D:\DEV\GIT\BUNDLER-SFM\LIB\F2C\DEBUG\R_SIN.OBJ
D:\DEV\GIT\BUNDLER-SFM\LIB\F2C\DEBUG\R_SINH.OBJ
D:\DEV\GIT\BUNDLER-SFM\LIB\F2C\DEBUG\R_SQRT.OBJ
D:\DEV\GIT\BUNDLER-SFM\LIB\F2C\DEBUG\R_TAN.OBJ
D:\DEV\GIT\BUNDLER-SFM\LIB\F2C\DEBUG\R_TANH.OBJ
D:\DEV\GIT\BUNDLER-SFM\LIB\F2C\DEBUG\RDFMT.OBJ
D:\DEV\GIT\BUNDLER-SFM\LIB\F2C\DEBUG\REWIND.OBJ
D:\DEV\GIT\BUNDLER-SFM\LIB\F2C\DEBUG\RSFE.OBJ
D:\DEV\GIT\BUNDLER-SFM\LIB\F2C\DEBUG\RSLI.OBJ
D:\DEV\GIT\BUNDLER-SFM\LIB\F2C\DEBUG\RSNE.OBJ
D:\DEV\GIT\BUNDLER-SFM\LIB\F2C\DEBUG\S_CAT.OBJ
D:\DEV\GIT\BUNDLER-SFM\LIB\F2C\DEBUG\S_CMP.OBJ
D:\DEV\GIT\BUNDLER-SFM\LIB\F2C\DEBUG\S_COPY.OBJ
D:\DEV\GIT\BUNDLER-SFM\LIB\F2C\DEBUG\S_PAUS.OBJ
D:\DEV\GIT\BUNDLER-SFM\LIB\F2C\DEBUG\S_RNGE.OBJ
D:\DEV\GIT\BUNDLER-SFM\LIB\F2C\DEBUG\S_STOP.OBJ
D:\DEV\GIT\BUNDLER-SFM\LIB\F2C\DEBUG\SFE.OBJ
D:\DEV\GIT\BUNDLER-SFM\LIB\F2C\DEBUG\SIG_DIE.OBJ
D:\DEV\GIT\BUNDLER-SFM\LIB\F2C\DEBUG\SIGNAL_.OBJ
D:\DEV\GIT\BUNDLER-SFM\LIB\F2C\DEBUG\SIGNBIT.OBJ
D:\DEV\GIT\BUNDLER-SFM\LIB\F2C\DEBUG\SUE.OBJ
D:\DEV\GIT\BUNDLER-SFM\LIB\F2C\DEBUG\SYSTEM_.OBJ
D:\DEV\GIT\BUNDLER-SFM\LIB\F2C\DEBUG\TYPESIZE.OBJ
D:\DEV\GIT\BUNDLER-SFM\LIB\F2C\DEBUG\UIO.OBJ
D:\DEV\GIT\BUNDLER-SFM\LIB\F2C\DEBUG\UNINIT.OBJ
D:\DEV\GIT\BUNDLER-SFM\LIB\F2C\DEBUG\UTIL.OBJ
D:\DEV\GIT\BUNDLER-SFM\LIB\F2C\DEBUG\VC100.PDB
D:\DEV\GIT\BUNDLER-SFM\LIB\F2C\DEBUG\WREF.OBJ
D:\DEV\GIT\BUNDLER-SFM\LIB\F2C\DEBUG\WRTFMT.OBJ
D:\DEV\GIT\BUNDLER-SFM\LIB\F2C\DEBUG\WSFE.OBJ
D:\DEV\GIT\BUNDLER-SFM\LIB\F2C\DEBUG\WSLE.OBJ
D:\DEV\GIT\BUNDLER-SFM\LIB\F2C\DEBUG\WSNE.OBJ
D:\DEV\GIT\BUNDLER-SFM\LIB\F2C\DEBUG\XWSNE.OBJ
D:\DEV\GIT\BUNDLER-SFM\LIB\F2C\DEBUG\Z_ABS.OBJ
D:\DEV\GIT\BUNDLER-SFM\LIB\F2C\DEBUG\Z_COS.OBJ
D:\DEV\GIT\BUNDLER-SFM\LIB\F2C\DEBUG\Z_DIV.OBJ
D:\DEV\GIT\BUNDLER-SFM\LIB\F2C\DEBUG\Z_EXP.OBJ
D:\DEV\GIT\BUNDLER-SFM\LIB\F2C\DEBUG\Z_LOG.OBJ
D:\DEV\GIT\BUNDLER-SFM\LIB\F2C\DEBUG\Z_SIN.OBJ
D:\DEV\GIT\BUNDLER-SFM\LIB\F2C\DEBUG\Z_SQRT.OBJ
D:\DEV\GIT\BUNDLER-SFM\VC++\DEBUG\F2C.LIB
D:\dev\git\bundler-sfm-vs\lib\f2c\Debug\abort_.obj
D:\dev\git\bundler-sfm-vs\lib\f2c\Debug\arithchk.obj
D:\dev\git\bundler-sfm-vs\lib\f2c\Debug\backspac.obj
D:\dev\git\bundler-sfm-vs\lib\f2c\Debug\cabs.obj
D:\dev\git\bundler-sfm-vs\lib\f2c\Debug\cl.command.1.tlog
D:\dev\git\bundler-sfm-vs\lib\f2c\Debug\CL.read.1.tlog
D:\dev\git\bundler-sfm-vs\lib\f2c\Debug\CL.write.1.tlog
D:\dev\git\bundler-sfm-vs\lib\f2c\Debug\close.obj
D:\dev\git\bundler-sfm-vs\lib\f2c\Debug\ctype.obj
D:\dev\git\bundler-sfm-vs\lib\f2c\Debug\d_abs.obj
D:\dev\git\bundler-sfm-vs\lib\f2c\Debug\d_acos.obj
D:\dev\git\bundler-sfm-vs\lib\f2c\Debug\d_asin.obj
D:\dev\git\bundler-sfm-vs\lib\f2c\Debug\d_atan.obj
D:\dev\git\bundler-sfm-vs\lib\f2c\Debug\d_atn2.obj
D:\dev\git\bundler-sfm-vs\lib\f2c\Debug\d_cnjg.obj
D:\dev\git\bundler-sfm-vs\lib\f2c\Debug\d_cos.obj
D:\dev\git\bundler-sfm-vs\lib\f2c\Debug\d_cosh.obj
D:\dev\git\bundler-sfm-vs\lib\f2c\Debug\d_dim.obj
D:\dev\git\bundler-sfm-vs\lib\f2c\Debug\d_exp.obj
D:\dev\git\bundler-sfm-vs\lib\f2c\Debug\d_imag.obj
D:\dev\git\bundler-sfm-vs\lib\f2c\Debug\d_int.obj
D:\dev\git\bundler-sfm-vs\lib\f2c\Debug\d_lg10.obj
D:\dev\git\bundler-sfm-vs\lib\f2c\Debug\d_log.obj
D:\dev\git\bundler-sfm-vs\lib\f2c\Debug\d_mod.obj
D:\dev\git\bundler-sfm-vs\lib\f2c\Debug\d_nint.obj
D:\dev\git\bundler-sfm-vs\lib\f2c\Debug\d_prod.obj
D:\dev\git\bundler-sfm-vs\lib\f2c\Debug\d_sign.obj
D:\dev\git\bundler-sfm-vs\lib\f2c\Debug\d_sin.obj
D:\dev\git\bundler-sfm-vs\lib\f2c\Debug\d_sinh.obj
D:\dev\git\bundler-sfm-vs\lib\f2c\Debug\d_sqrt.obj
D:\dev\git\bundler-sfm-vs\lib\f2c\Debug\d_tan.obj
D:\dev\git\bundler-sfm-vs\lib\f2c\Debug\d_tanh.obj
D:\dev\git\bundler-sfm-vs\lib\f2c\Debug\derf_.obj
D:\dev\git\bundler-sfm-vs\lib\f2c\Debug\derfc_.obj
D:\dev\git\bundler-sfm-vs\lib\f2c\Debug\dfe.obj
D:\dev\git\bundler-sfm-vs\lib\f2c\Debug\dolio.obj
D:\dev\git\bundler-sfm-vs\lib\f2c\Debug\dtime_.obj
D:\dev\git\bundler-sfm-vs\lib\f2c\Debug\due.obj
D:\dev\git\bundler-sfm-vs\lib\f2c\Debug\ef1asc_.obj
D:\dev\git\bundler-sfm-vs\lib\f2c\Debug\ef1cmc_.obj
D:\dev\git\bundler-sfm-vs\lib\f2c\Debug\endfile.obj
D:\dev\git\bundler-sfm-vs\lib\f2c\Debug\erf_.obj
D:\dev\git\bundler-sfm-vs\lib\f2c\Debug\erfc_.obj
D:\dev\git\bundler-sfm-vs\lib\f2c\Debug\err.obj
D:\dev\git\bundler-sfm-vs\lib\f2c\Debug\etime_.obj
D:\dev\git\bundler-sfm-vs\lib\f2c\Debug\exit_.obj
D:\dev\git\bundler-sfm-vs\lib\f2c\Debug\f2c.write.1.tlog
D:\dev\git\bundler-sfm-vs\lib\f2c\Debug\f77_aloc.obj
D:\dev\git\bundler-sfm-vs\lib\f2c\Debug\f77vers.obj
D:\dev\git\bundler-sfm-vs\lib\f2c\Debug\fmt.obj
D:\dev\git\bundler-sfm-vs\lib\f2c\Debug\fmtlib.obj
D:\dev\git\bundler-sfm-vs\lib\f2c\Debug\ftell_.obj
D:\dev\git\bundler-sfm-vs\lib\f2c\Debug\getarg_.obj
D:\dev\git\bundler-sfm-vs\lib\f2c\Debug\getenv_.obj
D:\dev\git\bundler-sfm-vs\lib\f2c\Debug\h_abs.obj
D:\dev\git\bundler-sfm-vs\lib\f2c\Debug\h_dim.obj
D:\dev\git\bundler-sfm-vs\lib\f2c\Debug\h_dnnt.obj
D:\dev\git\bundler-sfm-vs\lib\f2c\Debug\h_indx.obj
D:\dev\git\bundler-sfm-vs\lib\f2c\Debug\h_len.obj
D:\dev\git\bundler-sfm-vs\lib\f2c\Debug\h_mod.obj
D:\dev\git\bundler-sfm-vs\lib\f2c\Debug\h_nint.obj
D:\dev\git\bundler-sfm-vs\lib\f2c\Debug\h_sign.obj
D:\dev\git\bundler-sfm-vs\lib\f2c\Debug\hl_ge.obj
D:\dev\git\bundler-sfm-vs\lib\f2c\Debug\hl_gt.obj
D:\dev\git\bundler-sfm-vs\lib\f2c\Debug\hl_le.obj
D:\dev\git\bundler-sfm-vs\lib\f2c\Debug\hl_lt.obj
D:\dev\git\bundler-sfm-vs\lib\f2c\Debug\i_abs.obj
D:\dev\git\bundler-sfm-vs\lib\f2c\Debug\i_dim.obj
D:\dev\git\bundler-sfm-vs\lib\f2c\Debug\i_dnnt.obj
D:\dev\git\bundler-sfm-vs\lib\f2c\Debug\i_indx.obj
D:\dev\git\bundler-sfm-vs\lib\f2c\Debug\i_len.obj
D:\dev\git\bundler-sfm-vs\lib\f2c\Debug\i_mod.obj
D:\dev\git\bundler-sfm-vs\lib\f2c\Debug\i_nint.obj
D:\dev\git\bundler-sfm-vs\lib\f2c\Debug\i_sign.obj
D:\dev\git\bundler-sfm-vs\lib\f2c\Debug\i77vers.obj
D:\dev\git\bundler-sfm-vs\lib\f2c\Debug\iargc_.obj
D:\dev\git\bundler-sfm-vs\lib\f2c\Debug\iio.obj
D:\dev\git\bundler-sfm-vs\lib\f2c\Debug\ilnw.obj
D:\dev\git\bundler-sfm-vs\lib\f2c\Debug\inquire.obj
D:\dev\git\bundler-sfm-vs\lib\f2c\Debug\l_ge.obj
D:\dev\git\bundler-sfm-vs\lib\f2c\Debug\l_gt.obj
D:\dev\git\bundler-sfm-vs\lib\f2c\Debug\l_le.obj
D:\dev\git\bundler-sfm-vs\lib\f2c\Debug\l_lt.obj
D:\dev\git\bundler-sfm-vs\lib\f2c\Debug\lbitbits.obj
D:\dev\git\bundler-sfm-vs\lib\f2c\Debug\lbitshft.obj
D:\dev\git\bundler-sfm-vs\lib\f2c\Debug\lib.command.1.tlog
D:\dev\git\bundler-sfm-vs\lib\f2c\Debug\Lib-link.read.1.tlog
D:\dev\git\bundler-sfm-vs\lib\f2c\Debug\Lib-link.write.1.tlog
D:\dev\git\bundler-sfm-vs\lib\f2c\Debug\lread.obj
D:\dev\git\bundler-sfm-vs\lib\f2c\Debug\lwrite.obj
D:\dev\git\bundler-sfm-vs\lib\f2c\Debug\main.obj
D:\dev\git\bundler-sfm-vs\lib\f2c\Debug\open.obj
D:\dev\git\bundler-sfm-vs\lib\f2c\Debug\pow_ci.obj
D:\dev\git\bundler-sfm-vs\lib\f2c\Debug\pow_dd.obj
D:\dev\git\bundler-sfm-vs\lib\f2c\Debug\pow_di.obj
D:\dev\git\bundler-sfm-vs\lib\f2c\Debug\pow_hh.obj
D:\dev\git\bundler-sfm-vs\lib\f2c\Debug\pow_ii.obj
D:\dev\git\bundler-sfm-vs\lib\f2c\Debug\pow_ri.obj
D:\dev\git\bundler-sfm-vs\lib\f2c\Debug\pow_zi.obj
D:\dev\git\bundler-sfm-vs\lib\f2c\Debug\pow_zz.obj
D:\dev\git\bundler-sfm-vs\lib\f2c\Debug\r_abs.obj
D:\dev\git\bundler-sfm-vs\lib\f2c\Debug\r_acos.obj
D:\dev\git\bundler-sfm-vs\lib\f2c\Debug\r_asin.obj
D:\dev\git\bundler-sfm-vs\lib\f2c\Debug\r_atan.obj
D:\dev\git\bundler-sfm-vs\lib\f2c\Debug\r_atn2.obj
D:\dev\git\bundler-sfm-vs\lib\f2c\Debug\r_cnjg.obj
D:\dev\git\bundler-sfm-vs\lib\f2c\Debug\r_cos.obj
D:\dev\git\bundler-sfm-vs\lib\f2c\Debug\r_cosh.obj
D:\dev\git\bundler-sfm-vs\lib\f2c\Debug\r_dim.obj
D:\dev\git\bundler-sfm-vs\lib\f2c\Debug\r_exp.obj
D:\dev\git\bundler-sfm-vs\lib\f2c\Debug\r_imag.obj
D:\dev\git\bundler-sfm-vs\lib\f2c\Debug\r_int.obj
D:\dev\git\bundler-sfm-vs\lib\f2c\Debug\r_lg10.obj
D:\dev\git\bundler-sfm-vs\lib\f2c\Debug\r_log.obj
D:\dev\git\bundler-sfm-vs\lib\f2c\Debug\r_mod.obj
D:\dev\git\bundler-sfm-vs\lib\f2c\Debug\r_nint.obj
D:\dev\git\bundler-sfm-vs\lib\f2c\Debug\r_sign.obj
D:\dev\git\bundler-sfm-vs\lib\f2c\Debug\r_sin.obj
D:\dev\git\bundler-sfm-vs\lib\f2c\Debug\r_sinh.obj
D:\dev\git\bundler-sfm-vs\lib\f2c\Debug\r_sqrt.obj
D:\dev\git\bundler-sfm-vs\lib\f2c\Debug\r_tan.obj
D:\dev\git\bundler-sfm-vs\lib\f2c\Debug\r_tanh.obj
D:\dev\git\bundler-sfm-vs\lib\f2c\Debug\rdfmt.obj
D:\dev\git\bundler-sfm-vs\lib\f2c\Debug\rewind.obj
D:\dev\git\bundler-sfm-vs\lib\f2c\Debug\rsfe.obj
D:\dev\git\bundler-sfm-vs\lib\f2c\Debug\rsli.obj
D:\dev\git\bundler-sfm-vs\lib\f2c\Debug\rsne.obj
D:\dev\git\bundler-sfm-vs\lib\f2c\Debug\s_cat.obj
D:\dev\git\bundler-sfm-vs\lib\f2c\Debug\s_cmp.obj
D:\dev\git\bundler-sfm-vs\lib\f2c\Debug\s_copy.obj
D:\dev\git\bundler-sfm-vs\lib\f2c\Debug\s_paus.obj
D:\dev\git\bundler-sfm-vs\lib\f2c\Debug\s_rnge.obj
D:\dev\git\bundler-sfm-vs\lib\f2c\Debug\s_stop.obj
D:\dev\git\bundler-sfm-vs\lib\f2c\Debug\sfe.obj
D:\dev\git\bundler-sfm-vs\lib\f2c\Debug\sig_die.obj
D:\dev\git\bundler-sfm-vs\lib\f2c\Debug\signal_.obj
D:\dev\git\bundler-sfm-vs\lib\f2c\Debug\signbit.obj
D:\dev\git\bundler-sfm-vs\lib\f2c\Debug\sue.obj
D:\dev\git\bundler-sfm-vs\lib\f2c\Debug\system_.obj
D:\dev\git\bundler-sfm-vs\lib\f2c\Debug\typesize.obj
D:\dev\git\bundler-sfm-vs\lib\f2c\Debug\uio.obj
D:\dev\git\bundler-sfm-vs\lib\f2c\Debug\uninit.obj
D:\dev\git\bundler-sfm-vs\lib\f2c\Debug\util.obj
D:\dev\git\bundler-sfm-vs\lib\f2c\Debug\vc100.idb
D:\dev\git\bundler-sfm-vs\lib\f2c\Debug\vc100.pdb
D:\dev\git\bundler-sfm-vs\lib\f2c\Debug\wref.obj
D:\dev\git\bundler-sfm-vs\lib\f2c\Debug\wrtfmt.obj
D:\dev\git\bundler-sfm-vs\lib\f2c\Debug\wsfe.obj
D:\dev\git\bundler-sfm-vs\lib\f2c\Debug\wsle.obj
D:\dev\git\bundler-sfm-vs\lib\f2c\Debug\wsne.obj
D:\dev\git\bundler-sfm-vs\lib\f2c\Debug\xwsne.obj
D:\dev\git\bundler-sfm-vs\lib\f2c\Debug\z_abs.obj
D:\dev\git\bundler-sfm-vs\lib\f2c\Debug\z_cos.obj
D:\dev\git\bundler-sfm-vs\lib\f2c\Debug\z_div.obj
D:\dev\git\bundler-sfm-vs\lib\f2c\Debug\z_exp.obj
D:\dev\git\bundler-sfm-vs\lib\f2c\Debug\z_log.obj
D:\dev\git\bundler-sfm-vs\lib\f2c\Debug\z_sin.obj
D:\dev\git\bundler-sfm-vs\lib\f2c\Debug\z_sqrt.obj
D:\dev\git\bundler-sfm-vs\vc++\Debug\f2c.lib
