D:\DEV\GIT\BUNDLER-SFM\LIB\ANN_1.1_CHAR\DEBUG\ANN.OBJ
D:\DEV\GIT\BUNDLER-SFM\LIB\ANN_1.1_CHAR\DEBUG\ANN_1.1_CHAR.DLL.INTERMEDIATE.MANIFEST
D:\DEV\GIT\BUNDLER-SFM\LIB\ANN_1.1_CHAR\DEBUG\BD_FIX_RAD_SEARCH.OBJ
D:\DEV\GIT\BUNDLER-SFM\LIB\ANN_1.1_CHAR\DEBUG\BD_PR_SEARCH.OBJ
D:\DEV\GIT\BUNDLER-SFM\LIB\ANN_1.1_CHAR\DEBUG\BD_SEARCH.OBJ
D:\DEV\GIT\BUNDLER-SFM\LIB\ANN_1.1_CHAR\DEBUG\BD_TREE.OBJ
D:\DEV\GIT\BUNDLER-SFM\LIB\ANN_1.1_CHAR\DEBUG\BRUTE.OBJ
D:\DEV\GIT\BUNDLER-SFM\LIB\ANN_1.1_CHAR\DEBUG\KD_DUMP.OBJ
D:\DEV\GIT\BUNDLER-SFM\LIB\ANN_1.1_CHAR\DEBUG\KD_FIX_RAD_SEARCH.OBJ
D:\DEV\GIT\BUNDLER-SFM\LIB\ANN_1.1_CHAR\DEBUG\KD_PR_SEARCH.OBJ
D:\DEV\GIT\BUNDLER-SFM\LIB\ANN_1.1_CHAR\DEBUG\KD_SEARCH.OBJ
D:\DEV\GIT\BUNDLER-SFM\LIB\ANN_1.1_CHAR\DEBUG\KD_SPLIT.OBJ
D:\DEV\GIT\BUNDLER-SFM\LIB\ANN_1.1_CHAR\DEBUG\KD_TREE.OBJ
D:\DEV\GIT\BUNDLER-SFM\LIB\ANN_1.1_CHAR\DEBUG\KD_UTIL.OBJ
D:\DEV\GIT\BUNDLER-SFM\LIB\ANN_1.1_CHAR\DEBUG\PERF.OBJ
D:\DEV\GIT\BUNDLER-SFM\LIB\ANN_1.1_CHAR\DEBUG\VC100.PDB
D:\DEV\GIT\BUNDLER-SFM\VC++\DEBUG\ANN_1.1_CHAR.DLL
D:\dev\git\bundler-sfm\vc++\Debug\ann_1.1_char.exp
D:\dev\git\bundler-sfm\vc++\Debug\ann_1.1_char.lib
D:\dev\git\bundler-sfm-vs\lib\ann_1.1_char\Debug\ANN.obj
D:\dev\git\bundler-sfm-vs\lib\ann_1.1_char\Debug\ann_1.1_char.dll.intermediate.manifest
D:\dev\git\bundler-sfm-vs\lib\ann_1.1_char\Debug\ann_1.1_char.write.1.tlog
D:\dev\git\bundler-sfm-vs\lib\ann_1.1_char\Debug\bd_fix_rad_search.obj
D:\dev\git\bundler-sfm-vs\lib\ann_1.1_char\Debug\bd_pr_search.obj
D:\dev\git\bundler-sfm-vs\lib\ann_1.1_char\Debug\bd_search.obj
D:\dev\git\bundler-sfm-vs\lib\ann_1.1_char\Debug\bd_tree.obj
D:\dev\git\bundler-sfm-vs\lib\ann_1.1_char\Debug\brute.obj
D:\dev\git\bundler-sfm-vs\lib\ann_1.1_char\Debug\cl.command.1.tlog
D:\dev\git\bundler-sfm-vs\lib\ann_1.1_char\Debug\CL.read.1.tlog
D:\dev\git\bundler-sfm-vs\lib\ann_1.1_char\Debug\CL.write.1.tlog
D:\dev\git\bundler-sfm-vs\lib\ann_1.1_char\Debug\kd_dump.obj
D:\dev\git\bundler-sfm-vs\lib\ann_1.1_char\Debug\kd_fix_rad_search.obj
D:\dev\git\bundler-sfm-vs\lib\ann_1.1_char\Debug\kd_pr_search.obj
D:\dev\git\bundler-sfm-vs\lib\ann_1.1_char\Debug\kd_search.obj
D:\dev\git\bundler-sfm-vs\lib\ann_1.1_char\Debug\kd_split.obj
D:\dev\git\bundler-sfm-vs\lib\ann_1.1_char\Debug\kd_tree.obj
D:\dev\git\bundler-sfm-vs\lib\ann_1.1_char\Debug\kd_util.obj
D:\dev\git\bundler-sfm-vs\lib\ann_1.1_char\Debug\link.command.1.tlog
D:\dev\git\bundler-sfm-vs\lib\ann_1.1_char\Debug\link.read.1.tlog
D:\dev\git\bundler-sfm-vs\lib\ann_1.1_char\Debug\link.write.1.tlog
D:\dev\git\bundler-sfm-vs\lib\ann_1.1_char\Debug\mt.command.1.tlog
D:\dev\git\bundler-sfm-vs\lib\ann_1.1_char\Debug\mt.read.1.tlog
D:\dev\git\bundler-sfm-vs\lib\ann_1.1_char\Debug\mt.write.1.tlog
D:\dev\git\bundler-sfm-vs\lib\ann_1.1_char\Debug\perf.obj
D:\dev\git\bundler-sfm-vs\lib\ann_1.1_char\Debug\vc100.idb
D:\dev\git\bundler-sfm-vs\lib\ann_1.1_char\Debug\vc100.pdb
D:\dev\git\bundler-sfm-vs\vc++\Debug\ann_1.1_char.dll
